#
# There is insufficient memory for the Java Runtime Environment to continue.
# Native memory allocation (malloc) failed to allocate 1731056 bytes for Chunk::new
# Possible reasons:
#   The system is out of physical RAM or swap space
#   The process is running with CompressedOops enabled, and the Java Heap may be blocking the growth of the native heap
# Possible solutions:
#   Reduce memory load on the system
#   Increase physical memory or swap space
#   Check if swap backing store is full
#   Decrease Java heap size (-Xmx/-Xms)
#   Decrease number of Java threads
#   Decrease Java thread stack sizes (-Xss)
#   Set larger code cache with -XX:ReservedCodeCacheSize=
#   JVM is running with Zero Based Compressed Oops mode in which the Java heap is
#     placed in the first 32GB address space. The Java Heap base address is the
#     maximum limit for the native heap growth. Please use -XX:HeapBaseMinAddress
#     to set the Java Heap base and to place the Java Heap above 32GB virtual address.
# This output file may be truncated or incomplete.
#
#  Out of Memory Error (allocation.cpp:389), pid=10676, tid=0x0000000000000f54
#
# JRE version: Java(TM) SE Runtime Environment (8.0_231-b11) (build 1.8.0_231-b11)
# Java VM: Java HotSpot(TM) 64-Bit Server VM (25.231-b11 mixed mode windows-amd64 compressed oops)
# Failed to write core dump. Minidumps are not enabled by default on client versions of Windows
#

---------------  T H R E A D  ---------------

Current thread (0x000000001f524000):  JavaThread "C2 CompilerThread2" daemon [_thread_in_native, id=3924, stack(0x000000001fd90000,0x000000001fe90000)]

Stack: [0x000000001fd90000,0x000000001fe90000]
[error occurred during error reporting (printing stack bounds), id 0xc0000005]

Native frames: (J=compiled Java code, j=interpreted, Vv=VM code, C=native code)


Current CompileTask:
C2:  29812 9858       4       java.lang.Class::privateGetPublicMethods (267 bytes)


---------------  P R O C E S S  ---------------

Java Threads: ( => current thread )
  0x000000001f851000 JavaThread "task-2" [_thread_blocked, id=23584, stack(0x000000002ba50000,0x000000002bb50000)]
  0x000000001f850800 JavaThread "HikariPool-3 connection adder" daemon [_thread_blocked, id=21708, stack(0x000000002bd70000,0x000000002be70000)]
  0x000000001f84f800 JavaThread "task-1" [_thread_blocked, id=23392, stack(0x000000002b850000,0x000000002b950000)]
  0x000000001f84c800 JavaThread "HikariPool-3 housekeeper" daemon [_thread_blocked, id=9184, stack(0x000000002b950000,0x000000002ba50000)]
  0x000000001f715000 JavaThread "task-2" [_thread_blocked, id=3752, stack(0x000000002b350000,0x000000002b450000)]
  0x000000001f70f000 JavaThread "HikariPool-2 connection adder" daemon [_thread_blocked, id=4500, stack(0x0000000028170000,0x0000000028270000)]
  0x000000001f714800 JavaThread "task-1" [_thread_blocked, id=10996, stack(0x0000000026940000,0x0000000026a40000)]
  0x000000001f718000 JavaThread "HikariPool-2 housekeeper" daemon [_thread_blocked, id=11084, stack(0x000000002b510000,0x000000002b610000)]
  0x000000001f713000 JavaThread "task-2" [_thread_blocked, id=22356, stack(0x0000000026c40000,0x0000000026d40000)]
  0x000000001f710000 JavaThread "task-1" [_thread_blocked, id=26904, stack(0x00000000259a0000,0x0000000025aa0000)]
  0x000000001f70e800 JavaThread "HikariPool-1 housekeeper" daemon [_thread_blocked, id=9440, stack(0x0000000023910000,0x0000000023a10000)]
  0x0000000020e71800 JavaThread "ReaderThread" [_thread_in_native, id=23360, stack(0x0000000021160000,0x0000000021260000)]
  0x000000001f517000 JavaThread "Service Thread" daemon [_thread_blocked, id=18632, stack(0x000000001ff90000,0x0000000020090000)]
  0x000000001f516800 JavaThread "C1 CompilerThread3" daemon [_thread_blocked, id=19532, stack(0x000000001fe90000,0x000000001ff90000)]
=>0x000000001f524000 JavaThread "C2 CompilerThread2" daemon [_thread_in_native, id=3924, stack(0x000000001fd90000,0x000000001fe90000)]
  0x000000001f4a9800 JavaThread "C2 CompilerThread1" daemon [_thread_in_native, id=22908, stack(0x000000001fc90000,0x000000001fd90000)]
  0x000000001f514800 JavaThread "C2 CompilerThread0" daemon [_thread_in_native, id=16124, stack(0x000000001fb90000,0x000000001fc90000)]
  0x000000001f410800 JavaThread "org.jacoco.agent.rt.internal_43f5073.output.TcpClientOutput" daemon [_thread_in_native, id=1984, stack(0x000000001fa90000,0x000000001fb90000)]
  0x000000001eac1800 JavaThread "Attach Listener" daemon [_thread_blocked, id=4924, stack(0x000000001f190000,0x000000001f290000)]
  0x000000001eac0000 JavaThread "Signal Dispatcher" daemon [_thread_blocked, id=19308, stack(0x000000001f090000,0x000000001f190000)]
  0x000000001eab0800 JavaThread "Finalizer" daemon [_thread_blocked, id=11576, stack(0x000000001ee90000,0x000000001ef90000)]
  0x000000000300e000 JavaThread "Reference Handler" daemon [_thread_blocked, id=22932, stack(0x000000001e990000,0x000000001ea90000)]
  0x0000000002f18000 JavaThread "main" [_thread_in_native, id=21312, stack(0x0000000002e10000,0x0000000002f10000)]

Other Threads:
  0x000000001cbc9800 VMThread [stack: 0x000000001e890000,0x000000001e990000] [id=24012]
  0x000000001f5e5000 WatcherThread [stack: 0x0000000020090000,0x0000000020190000] [id=25828]

VM state:not at safepoint (normal execution)

VM Mutex/Monitor currently owned by a thread: None

heap address: 0x00000006c1600000, size: 4074 MB, Compressed Oops mode: Zero based, Oop shift amount: 3
Narrow klass base: 0x0000000000000000, Narrow klass shift: 3
Compressed class space size: 1073741824 Address: 0x00000007c0000000

Heap:
 PSYoungGen      total 892928K, used 520038K [0x000000076b200000, 0x00000007b0a00000, 0x00000007c0000000)
  eden space 876544K, 58% used [0x000000076b200000,0x000000078a5ac4d0,0x00000007a0a00000)
  from space 16384K, 51% used [0x00000007a0a00000,0x00000007a122d3b8,0x00000007a1a00000)
  to   space 15360K, 0% used [0x00000007afb00000,0x00000007afb00000,0x00000007b0a00000)
 ParOldGen       total 168960K, used 35979K [0x00000006c1600000, 0x00000006cbb00000, 0x000000076b200000)
  object space 168960K, 21% used [0x00000006c1600000,0x00000006c3922f10,0x00000006cbb00000)
 Metaspace       used 70906K, capacity 75056K, committed 75352K, reserved 1116160K
  class space    used 8821K, capacity 9484K, committed 9600K, reserved 1048576K

Card table byte_map: [0x0000000012540000,0x0000000012d40000] byte_map_base: 0x000000000ef35000

Marking Bits: (ParMarkBitMap*) 0x0000000056616d90
 Begin Bits: [0x0000000013a90000, 0x0000000017a38000)
 End Bits:   [0x0000000017a38000, 0x000000001b9e0000)

Polling page: 0x00000000009e0000

CodeCache: size=245760Kb used=33494Kb max_used=33661Kb free=212265Kb
 bounds [0x0000000003180000, 0x0000000005280000, 0x0000000012180000]
 total_blobs=9319 nmethods=8769 adapters=459
 compilation: enabled

Compilation events (10 events):
Event: 29.772 Thread 0x000000001f516800 10177   !   2       org.springframework.core.type.filter.AnnotationTypeFilter::hasAnnotation (189 bytes)
Event: 29.773 Thread 0x000000001f516800 nmethod 10177 0x00000000049bf0d0 code [0x00000000049bf340, 0x00000000049bfd08]
Event: 29.777 Thread 0x000000001f516800 10178       2       org.springframework.core.io.FileSystemResource::equals (88 bytes)
Event: 29.777 Thread 0x000000001f516800 nmethod 10178 0x0000000003960290 code [0x0000000003960420, 0x0000000003960798]
Event: 29.783 Thread 0x000000001f516800 10179       2       org.springframework.core.annotation.MergedAnnotationsCollection::get (17 bytes)
Event: 29.783 Thread 0x000000001f516800 nmethod 10179 0x000000000374e0d0 code [0x000000000374e240, 0x000000000374e418]
Event: 29.794 Thread 0x000000001f516800 10180       2       java.util.regex.Pattern$CharProperty::study (29 bytes)
Event: 29.794 Thread 0x000000001f516800 nmethod 10180 0x0000000003d85b50 code [0x0000000003d85cc0, 0x0000000003d85e68]
Event: 29.804 Thread 0x000000001f516800 10181       2       java.util.Arrays::sort (37 bytes)
Event: 29.804 Thread 0x000000001f516800 nmethod 10181 0x00000000038e0950 code [0x00000000038e0ac0, 0x00000000038e0c98]

GC Heap History (10 events):
Event: 21.743 GC heap before
{Heap before GC invocations=14 (full 3):
 PSYoungGen      total 540672K, used 6478K [0x000000076b200000, 0x0000000796b80000, 0x00000007c0000000)
  eden space 525824K, 0% used [0x000000076b200000,0x000000076b200000,0x000000078b380000)
  from space 14848K, 43% used [0x000000078b380000,0x000000078b9d3af8,0x000000078c200000)
  to   space 14336K, 0% used [0x0000000795d80000,0x0000000795d80000,0x0000000796b80000)
 ParOldGen       total 121344K, used 29179K [0x00000006c1600000, 0x00000006c8c80000, 0x000000076b200000)
  object space 121344K, 24% used [0x00000006c1600000,0x00000006c327ee48,0x00000006c8c80000)
 Metaspace       used 56319K, capacity 58840K, committed 59096K, reserved 1101824K
  class space    used 7160K, capacity 7612K, committed 7680K, reserved 1048576K
Event: 21.876 GC heap after
Heap after GC invocations=14 (full 3):
 PSYoungGen      total 540672K, used 0K [0x000000076b200000, 0x0000000796b80000, 0x00000007c0000000)
  eden space 525824K, 0% used [0x000000076b200000,0x000000076b200000,0x000000078b380000)
  from space 14848K, 0% used [0x000000078b380000,0x000000078b380000,0x000000078c200000)
  to   space 14336K, 0% used [0x0000000795d80000,0x0000000795d80000,0x0000000796b80000)
 ParOldGen       total 168960K, used 22880K [0x00000006c1600000, 0x00000006cbb00000, 0x000000076b200000)
  object space 168960K, 13% used [0x00000006c1600000,0x00000006c2c58248,0x00000006cbb00000)
 Metaspace       used 56319K, capacity 58840K, committed 59096K, reserved 1101824K
  class space    used 7160K, capacity 7612K, committed 7680K, reserved 1048576K
}
Event: 24.952 GC heap before
{Heap before GC invocations=15 (full 3):
 PSYoungGen      total 540672K, used 525824K [0x000000076b200000, 0x0000000796b80000, 0x00000007c0000000)
  eden space 525824K, 100% used [0x000000076b200000,0x000000078b380000,0x000000078b380000)
  from space 14848K, 0% used [0x000000078b380000,0x000000078b380000,0x000000078c200000)
  to   space 14336K, 0% used [0x0000000795d80000,0x0000000795d80000,0x0000000796b80000)
 ParOldGen       total 168960K, used 22880K [0x00000006c1600000, 0x00000006cbb00000, 0x000000076b200000)
  object space 168960K, 13% used [0x00000006c1600000,0x00000006c2c58248,0x00000006cbb00000)
 Metaspace       used 68876K, capacity 72622K, committed 72792K, reserved 1112064K
  class space    used 8734K, capacity 9343K, committed 9344K, reserved 1048576K
Event: 24.966 GC heap after
Heap after GC invocations=15 (full 3):
 PSYoungGen      total 696832K, used 14314K [0x000000076b200000, 0x0000000797280000, 0x00000007c0000000)
  eden space 682496K, 0% used [0x000000076b200000,0x000000076b200000,0x0000000794c80000)
  from space 14336K, 99% used [0x0000000795d80000,0x0000000796b7abb8,0x0000000796b80000)
  to   space 17408K, 0% used [0x0000000794c80000,0x0000000794c80000,0x0000000795d80000)
 ParOldGen       total 168960K, used 25816K [0x00000006c1600000, 0x00000006cbb00000, 0x000000076b200000)
  object space 168960K, 15% used [0x00000006c1600000,0x00000006c2f36080,0x00000006cbb00000)
 Metaspace       used 68876K, capacity 72622K, committed 72792K, reserved 1112064K
  class space    used 8734K, capacity 9343K, committed 9344K, reserved 1048576K
}
Event: 26.311 GC heap before
{Heap before GC invocations=16 (full 3):
 PSYoungGen      total 696832K, used 696810K [0x000000076b200000, 0x0000000797280000, 0x00000007c0000000)
  eden space 682496K, 100% used [0x000000076b200000,0x0000000794c80000,0x0000000794c80000)
  from space 14336K, 99% used [0x0000000795d80000,0x0000000796b7abb8,0x0000000796b80000)
  to   space 17408K, 0% used [0x0000000794c80000,0x0000000794c80000,0x0000000795d80000)
 ParOldGen       total 168960K, used 25816K [0x00000006c1600000, 0x00000006cbb00000, 0x000000076b200000)
  object space 168960K, 15% used [0x00000006c1600000,0x00000006c2f36080,0x00000006cbb00000)
 Metaspace       used 69725K, capacity 73502K, committed 73688K, reserved 1114112K
  class space    used 8756K, capacity 9359K, committed 9472K, reserved 1048576K
Event: 26.323 GC heap after
Heap after GC invocations=16 (full 3):
 PSYoungGen      total 699904K, used 5962K [0x000000076b200000, 0x00000007a3400000, 0x00000007c0000000)
  eden space 682496K, 0% used [0x000000076b200000,0x000000076b200000,0x0000000794c80000)
  from space 17408K, 34% used [0x0000000794c80000,0x0000000795252850,0x0000000795d80000)
  to   space 16896K, 0% used [0x00000007a2380000,0x00000007a2380000,0x00000007a3400000)
 ParOldGen       total 168960K, used 33696K [0x00000006c1600000, 0x00000006cbb00000, 0x000000076b200000)
  object space 168960K, 19% used [0x00000006c1600000,0x00000006c36e8020,0x00000006cbb00000)
 Metaspace       used 69725K, capacity 73502K, committed 73688K, reserved 1114112K
  class space    used 8756K, capacity 9359K, committed 9472K, reserved 1048576K
}
Event: 28.003 GC heap before
{Heap before GC invocations=17 (full 3):
 PSYoungGen      total 699904K, used 688458K [0x000000076b200000, 0x00000007a3400000, 0x00000007c0000000)
  eden space 682496K, 100% used [0x000000076b200000,0x0000000794c80000,0x0000000794c80000)
  from space 17408K, 34% used [0x0000000794c80000,0x0000000795252850,0x0000000795d80000)
  to   space 16896K, 0% used [0x00000007a2380000,0x00000007a2380000,0x00000007a3400000)
 ParOldGen       total 168960K, used 33696K [0x00000006c1600000, 0x00000006cbb00000, 0x000000076b200000)
  object space 168960K, 19% used [0x00000006c1600000,0x00000006c36e8020,0x00000006cbb00000)
 Metaspace       used 70494K, capacity 74410K, committed 74456K, reserved 1114112K
  class space    used 8793K, capacity 9453K, committed 9472K, reserved 1048576K
Event: 28.014 GC heap after
Heap after GC invocations=17 (full 3):
 PSYoungGen      total 881152K, used 6437K [0x000000076b200000, 0x00000007a2a00000, 0x00000007c0000000)
  eden space 874496K, 0% used [0x000000076b200000,0x000000076b200000,0x00000007a0800000)
  from space 6656K, 96% used [0x00000007a2380000,0x00000007a29c94f8,0x00000007a2a00000)
  to   space 16384K, 0% used [0x00000007a0a00000,0x00000007a0a00000,0x00000007a1a00000)
 ParOldGen       total 168960K, used 35971K [0x00000006c1600000, 0x00000006cbb00000, 0x000000076b200000)
  object space 168960K, 21% used [0x00000006c1600000,0x00000006c3920f10,0x00000006cbb00000)
 Metaspace       used 70494K, capacity 74410K, committed 74456K, reserved 1114112K
  class space    used 8793K, capacity 9453K, committed 9472K, reserved 1048576K
}
Event: 29.585 GC heap before
{Heap before GC invocations=18 (full 3):
 PSYoungGen      total 881152K, used 880933K [0x000000076b200000, 0x00000007a2a00000, 0x00000007c0000000)
  eden space 874496K, 100% used [0x000000076b200000,0x00000007a0800000,0x00000007a0800000)
  from space 6656K, 96% used [0x00000007a2380000,0x00000007a29c94f8,0x00000007a2a00000)
  to   space 16384K, 0% used [0x00000007a0a00000,0x00000007a0a00000,0x00000007a1a00000)
 ParOldGen       total 168960K, used 35971K [0x00000006c1600000, 0x00000006cbb00000, 0x000000076b200000)
  object space 168960K, 21% used [0x00000006c1600000,0x00000006c3920f10,0x00000006cbb00000)
 Metaspace       used 70876K, capacity 74974K, committed 75096K, reserved 1114112K
  class space    used 8819K, capacity 9481K, committed 9600K, reserved 1048576K
Event: 29.595 GC heap after
Heap after GC invocations=18 (full 3):
 PSYoungGen      total 892928K, used 8372K [0x000000076b200000, 0x00000007b0a00000, 0x00000007c0000000)
  eden space 876544K, 0% used [0x000000076b200000,0x000000076b200000,0x00000007a0a00000)
  from space 16384K, 51% used [0x00000007a0a00000,0x00000007a122d3b8,0x00000007a1a00000)
  to   space 15360K, 0% used [0x00000007afb00000,0x00000007afb00000,0x00000007b0a00000)
 ParOldGen       total 168960K, used 35979K [0x00000006c1600000, 0x00000006cbb00000, 0x000000076b200000)
  object space 168960K, 21% used [0x00000006c1600000,0x00000006c3922f10,0x00000006cbb00000)
 Metaspace       used 70876K, capacity 74974K, committed 75096K, reserved 1114112K
  class space    used 8819K, capacity 9481K, committed 9600K, reserved 1048576K
}

Deoptimization events (10 events):
Event: 26.482 Thread 0x0000000002f18000 Uncommon trap: reason=null_check action=make_not_entrant pc=0x0000000004dec9fc method=org.springframework.beans.ExtendedBeanInfo.isCandidateWriteMethod(Ljava/lang/reflect/Method;)Z @ 87
Event: 26.869 Thread 0x0000000002f18000 Uncommon trap: reason=unstable_if action=reinterpret pc=0x0000000004db2dcc method=java.lang.Class.privateGetMethodRecursive(Ljava/lang/String;[Ljava/lang/Class;ZLjava/lang/Class$MethodArray;)Ljava/lang/reflect/Method; @ 28
Event: 26.869 Thread 0x0000000002f18000 Uncommon trap: reason=unstable_if action=reinterpret pc=0x00000000046ac254 method=java.lang.Class.privateGetMethodRecursive(Ljava/lang/String;[Ljava/lang/Class;ZLjava/lang/Class$MethodArray;)Ljava/lang/reflect/Method; @ 28
Event: 26.910 Thread 0x0000000002f18000 Uncommon trap: reason=unstable_if action=reinterpret pc=0x000000000451e1e4 method=org.springframework.core.annotation.TypeMappedAnnotations$MergedAnnotationFinder.doWithAnnotations(Ljava/lang/Object;ILjava/lang/Object;[Ljava/lang/annotation/Annotation;)Lo
Event: 26.917 Thread 0x0000000002f18000 Uncommon trap: reason=unstable_if action=reinterpret pc=0x00000000033cc4d0 method=org.springframework.asm.ClassReader.readUtf(II[C)Ljava/lang/String; @ 53
Event: 26.927 Thread 0x0000000002f18000 Uncommon trap: reason=unstable_if action=reinterpret pc=0x00000000041dfe24 method=java.lang.reflect.Proxy.isProxyClass(Ljava/lang/Class;)Z @ 16
Event: 28.947 Thread 0x0000000002f18000 Uncommon trap: reason=null_check action=make_not_entrant pc=0x00000000051f6e2c method=java.beans.PropertyDescriptor.findPropertyType(Ljava/lang/reflect/Method;Ljava/lang/reflect/Method;)Ljava/lang/Class; @ 157
Event: 29.052 Thread 0x0000000002f18000 Uncommon trap: reason=unstable_if action=reinterpret pc=0x0000000005134afc method=java.lang.reflect.Proxy.isProxyClass(Ljava/lang/Class;)Z @ 16
Event: 29.220 Thread 0x0000000002f18000 Uncommon trap: reason=class_check action=maybe_recompile pc=0x000000000502921c method=org.springframework.core.annotation.TypeMappedAnnotations$MergedAnnotationFinder.process(Ljava/lang/Object;ILjava/lang/Object;Ljava/lang/annotation/Annotation;)Lorg/spri
Event: 29.235 Thread 0x0000000002f18000 Uncommon trap: reason=predicate action=maybe_recompile pc=0x0000000004b9977c method=org.springframework.util.AntPathMatcher.skipSegment(Ljava/lang/String;ILjava/lang/String;)I @ 32

Classes redefined (0 events):
No events

Internal exceptions (10 events):
Event: 29.327 Thread 0x0000000002f18000 Exception <a 'java/lang/ClassNotFoundException': org/springframework/beans/factory/support/BeanDefinitionRegistryPostProcessorCustomizer> (0x0000000776393bf8) thrown at [C:\re\workspace\8-2-build-windows-amd64-cygwin\jdk8u231\13620\hotspot\src\share\vm\cl
Event: 29.328 Thread 0x0000000002f18000 Exception <a 'java/lang/ClassNotFoundException': org/springframework/beans/factory/config/BeanFactoryPostProcessorCustomizer> (0x00000007763bac38) thrown at [C:\re\workspace\8-2-build-windows-amd64-cygwin\jdk8u231\13620\hotspot\src\share\vm\classfile\syst
Event: 29.329 Thread 0x0000000002f18000 Exception <a 'java/lang/ClassNotFoundException': org/springframework/core/PriorityOrderedCustomizer> (0x00000007763d8850) thrown at [C:\re\workspace\8-2-build-windows-amd64-cygwin\jdk8u231\13620\hotspot\src\share\vm\classfile\systemDictionary.cpp, line 21
Event: 29.330 Thread 0x0000000002f18000 Exception <a 'java/lang/ClassNotFoundException': org/springframework/core/OrderedCustomizer> (0x00000007763f2bc0) thrown at [C:\re\workspace\8-2-build-windows-amd64-cygwin\jdk8u231\13620\hotspot\src\share\vm\classfile\systemDictionary.cpp, line 210]
Event: 29.331 Thread 0x0000000002f18000 Exception <a 'java/lang/ClassNotFoundException': org/springframework/context/ResourceLoaderAwareCustomizer> (0x0000000776412f30) thrown at [C:\re\workspace\8-2-build-windows-amd64-cygwin\jdk8u231\13620\hotspot\src\share\vm\classfile\systemDictionary.cpp, 
Event: 29.331 Thread 0x0000000002f18000 Exception <a 'java/lang/ClassNotFoundException': org/springframework/beans/factory/AwareCustomizer> (0x0000000776430ca0) thrown at [C:\re\workspace\8-2-build-windows-amd64-cygwin\jdk8u231\13620\hotspot\src\share\vm\classfile\systemDictionary.cpp, line 210
Event: 29.332 Thread 0x0000000002f18000 Exception <a 'java/lang/ClassNotFoundException': org/springframework/beans/factory/BeanClassLoaderAwareCustomizer> (0x0000000776452d48) thrown at [C:\re\workspace\8-2-build-windows-amd64-cygwin\jdk8u231\13620\hotspot\src\share\vm\classfile\systemDictionar
Event: 29.333 Thread 0x0000000002f18000 Exception <a 'java/lang/ClassNotFoundException': org/springframework/beans/factory/AwareCustomizer> (0x0000000776470b78) thrown at [C:\re\workspace\8-2-build-windows-amd64-cygwin\jdk8u231\13620\hotspot\src\share\vm\classfile\systemDictionary.cpp, line 210
Event: 29.334 Thread 0x0000000002f18000 Exception <a 'java/lang/ClassNotFoundException': org/springframework/context/EnvironmentAwareCustomizer> (0x000000077648f3f0) thrown at [C:\re\workspace\8-2-build-windows-amd64-cygwin\jdk8u231\13620\hotspot\src\share\vm\classfile\systemDictionary.cpp, lin
Event: 29.335 Thread 0x0000000002f18000 Exception <a 'java/lang/ClassNotFoundException': org/springframework/beans/factory/AwareCustomizer> (0x00000007764ad110) thrown at [C:\re\workspace\8-2-build-windows-amd64-cygwin\jdk8u231\13620\hotspot\src\share\vm\classfile\systemDictionary.cpp, line 210

Events (10 events):
Event: 29.787 loading class org/eclipse/persistence/internal/jpa/deployment$JavaSECMPInitializerAgent
Event: 29.787 loading class org/eclipse/persistence/internal/jpa/deployment$JavaSECMPInitializerAgent done
Event: 29.788 loading class org/springframework/instrument/InstrumentationSavingAgent
Event: 29.788 loading class org/springframework/instrument/InstrumentationSavingAgent done
Event: 29.788 loading class org/springframework/instrument$InstrumentationSavingAgent
Event: 29.788 loading class org/springframework/instrument$InstrumentationSavingAgent done
Event: 29.789 loading class org/eclipse/persistence/internal/jpa/deployment/JavaSECMPInitializerAgent
Event: 29.789 loading class org/eclipse/persistence/internal/jpa/deployment/JavaSECMPInitializerAgent done
Event: 29.789 loading class org/eclipse/persistence/internal/jpa/deployment$JavaSECMPInitializerAgent
Event: 29.789 loading class org/eclipse/persistence/internal/jpa/deployment$JavaSECMPInitializerAgent done


Dynamic libraries:
0x00007ff6a31e0000 - 0x00007ff6a3217000 	C:\Program Files\Java\jre1.8.0_231\bin\javaw.exe
0x0000000000f50000 - 0x0000000001140000 	C:\WINDOWS\SYSTEM32\ntd1l.dll
0x0000000000e30000 - 0x0000000000ee2000 	C:\WINDOWS\System32\kern3l32.dll
0x00007ffdf93c0000 - 0x00007ffdf95b0000 	C:\WINDOWS\SYSTEM32\ntdll.dll
0x00007ffdf8090000 - 0x00007ffdf8142000 	C:\WINDOWS\System32\KERNEL32.DLL
0x00007ffdf71c0000 - 0x00007ffdf7464000 	C:\WINDOWS\System32\KERNELBASE.dll
0x00007ffdf5f30000 - 0x00007ffdf60c7000 	C:\Program Files\SentinelOne\Sentinel Agent 4.1.4.82\InProcessClient64.dll
0x00007ffdf7470000 - 0x00007ffdf7513000 	C:\WINDOWS\System32\ADVAPI32.dll
0x00007ffdf7ff0000 - 0x00007ffdf808e000 	C:\WINDOWS\System32\msvcrt.dll
0x00007ffdf8280000 - 0x00007ffdf8317000 	C:\WINDOWS\System32\sechost.dll
0x00007ffdf8540000 - 0x00007ffdf8660000 	C:\WINDOWS\System32\RPCRT4.dll
0x00007ffdf7e50000 - 0x00007ffdf7fe4000 	C:\WINDOWS\System32\USER32.dll
0x00007ffdf6520000 - 0x00007ffdf6541000 	C:\WINDOWS\System32\win32u.dll
0x00007ffdf7590000 - 0x00007ffdf75b6000 	C:\WINDOWS\System32\GDI32.dll
0x00007ffdf6550000 - 0x00007ffdf66e5000 	C:\WINDOWS\System32\gdi32full.dll
0x00007ffdf70d0000 - 0x00007ffdf716e000 	C:\WINDOWS\System32\msvcp_win.dll
0x00007ffdf6850000 - 0x00007ffdf694a000 	C:\WINDOWS\System32\ucrtbase.dll
0x00007ffde2820000 - 0x00007ffde2aa4000 	C:\WINDOWS\WinSxS\amd64_microsoft.windows.common-controls_6595b64144ccf1df_6.0.18362.900_none_e6beb9d913147d17\COMCTL32.dll
0x00007ffdf7b10000 - 0x00007ffdf7e45000 	C:\WINDOWS\System32\combase.dll
0x00007ffdf6350000 - 0x00007ffdf63d0000 	C:\WINDOWS\System32\bcryptPrimitives.dll
0x00007ffdf7990000 - 0x00007ffdf79be000 	C:\WINDOWS\System32\IMM32.DLL
0x00007ffdf5f20000 - 0x00007ffdf5f2a000 	C:\WINDOWS\SYSTEM32\VERSION.dll
0x00000000568f0000 - 0x00000000569c2000 	C:\Program Files\Java\jre1.8.0_231\bin\msvcr100.dll
0x0000000055df0000 - 0x0000000056696000 	C:\Program Files\Java\jre1.8.0_231\bin\server\jvm.dll
0x00007ffdf78d0000 - 0x00007ffdf78d8000 	C:\WINDOWS\System32\PSAPI.DLL
0x00007ffde58d0000 - 0x00007ffde58d9000 	C:\WINDOWS\SYSTEM32\WSOCK32.dll
0x00007ffdf8320000 - 0x00007ffdf838f000 	C:\WINDOWS\System32\WS2_32.dll
0x00007ffdf28a0000 - 0x00007ffdf28c4000 	C:\WINDOWS\SYSTEM32\WINMM.dll
0x00007ffdf2860000 - 0x00007ffdf288d000 	C:\WINDOWS\SYSTEM32\WINMMBASE.dll
0x00007ffdf7170000 - 0x00007ffdf71ba000 	C:\WINDOWS\System32\cfgmgr32.dll
0x00007ffdf0ff0000 - 0x00007ffdf0fff000 	C:\Program Files\Java\jre1.8.0_231\bin\verify.dll
0x00007ffdeb4e0000 - 0x00007ffdeb509000 	C:\Program Files\Java\jre1.8.0_231\bin\java.dll
0x00007ffdea070000 - 0x00007ffdea093000 	C:\Program Files\Java\jre1.8.0_231\bin\instrument.dll
0x00007ffdeb170000 - 0x00007ffdeb186000 	C:\Program Files\Java\jre1.8.0_231\bin\zip.dll
0x00007ffdf8c30000 - 0x00007ffdf9316000 	C:\WINDOWS\System32\SHELL32.dll
0x00007ffdf78e0000 - 0x00007ffdf7989000 	C:\WINDOWS\System32\shcore.dll
0x00007ffdf6950000 - 0x00007ffdf70d0000 	C:\WINDOWS\System32\windows.storage.dll
0x00007ffdf6320000 - 0x00007ffdf6343000 	C:\WINDOWS\System32\profapi.dll
0x00007ffdf62d0000 - 0x00007ffdf631a000 	C:\WINDOWS\System32\powrprof.dll
0x00007ffdf6280000 - 0x00007ffdf6290000 	C:\WINDOWS\System32\UMPDC.dll
0x00007ffdf8220000 - 0x00007ffdf8272000 	C:\WINDOWS\System32\shlwapi.dll
0x00007ffdf62b0000 - 0x00007ffdf62c1000 	C:\WINDOWS\System32\kernel.appcore.dll
0x00007ffdf6830000 - 0x00007ffdf6847000 	C:\WINDOWS\System32\cryptsp.dll
0x00007ffdea350000 - 0x00007ffdea36a000 	C:\Program Files\Java\jre1.8.0_231\bin\net.dll
0x00007ffdf58e0000 - 0x00007ffdf5947000 	C:\WINDOWS\system32\mswsock.dll
0x00007ffdeb430000 - 0x00007ffdeb446000 	C:\WINDOWS\system32\napinsp.dll
0x00007ffdeb460000 - 0x00007ffdeb47a000 	C:\WINDOWS\system32\pnrpnsp.dll
0x00007ffdf5630000 - 0x00007ffdf56fb000 	C:\WINDOWS\SYSTEM32\DNSAPI.dll
0x00007ffdf75c0000 - 0x00007ffdf75c8000 	C:\WINDOWS\System32\NSI.dll
0x00007ffdf55f0000 - 0x00007ffdf562a000 	C:\WINDOWS\SYSTEM32\IPHLPAPI.DLL
0x00007ffdeb450000 - 0x00007ffdeb45e000 	C:\WINDOWS\System32\winrnr.dll
0x00007ffdf2590000 - 0x00007ffdf25ac000 	C:\WINDOWS\system32\NLAapi.dll
0x00007ffdeb480000 - 0x00007ffdeb495000 	C:\WINDOWS\system32\wshbth.dll
0x00007ffded8c0000 - 0x00007ffded8ca000 	C:\Windows\System32\rasadhlp.dll
0x00007ffdf1e40000 - 0x00007ffdf1eb7000 	C:\WINDOWS\System32\fwpuclnt.dll
0x00007ffdf66f0000 - 0x00007ffdf6716000 	C:\WINDOWS\System32\bcrypt.dll
0x00007ffde9fb0000 - 0x00007ffde9fc2000 	C:\Program Files\Java\jre1.8.0_231\bin\nio.dll
0x00007ffde4e10000 - 0x00007ffde4e1d000 	C:\Program Files\Java\jre1.8.0_231\bin\management.dll
0x00007ffdf5450000 - 0x00007ffdf5483000 	C:\WINDOWS\system32\rsaenh.dll
0x00007ffdf61a0000 - 0x00007ffdf61c5000 	C:\WINDOWS\SYSTEM32\USERENV.dll
0x00007ffdf5ab0000 - 0x00007ffdf5abc000 	C:\WINDOWS\SYSTEM32\CRYPTBASE.dll
0x00007ffdf21a0000 - 0x00007ffdf21b6000 	C:\WINDOWS\SYSTEM32\dhcpcsvc6.DLL
0x00007ffdf2130000 - 0x00007ffdf214c000 	C:\WINDOWS\SYSTEM32\dhcpcsvc.DLL
0x00007ffdd7f50000 - 0x00007ffdd7f74000 	C:\Program Files\Java\jre1.8.0_231\bin\sunec.dll
0x00007ffde4b80000 - 0x00007ffde4b8b000 	C:\Program Files\Java\jre1.8.0_231\bin\sunmscapi.dll
0x00007ffdf63d0000 - 0x00007ffdf6519000 	C:\WINDOWS\System32\CRYPT32.dll
0x00007ffdf6290000 - 0x00007ffdf62a2000 	C:\WINDOWS\System32\MSASN1.dll

VM Arguments:
jvm_args: -javaagent:C:\Users\Karthik_Patlolla\eclipse\jee-2020-03\eclipse\configuration\org.eclipse.osgi\940\0\.cp\jacocoagent.jar=includes=*,excludes=,exclclassloader=sun.reflect.DelegatingClassLoader,output=tcpclient,port=55150 -ea -Dfile.encoding=UTF-8 
java_command: org.eclipse.jdt.internal.junit.runner.RemoteTestRunner -version 3 -port 55151 -testLoaderClass org.eclipse.jdt.internal.junit5.runner.JUnit5TestLoader -loaderpluginname org.eclipse.jdt.junit5.runtime -packageNameFile C:\Users\KARTHI~1\AppData\Local\Temp\packageNames6407094783999115869.txt
java_class_path (initial): C:\Users\Karthik_Patlolla\eclipse-workspace\JobPortalRest\target\test-classes;C:\Users\Karthik_Patlolla\eclipse-workspace\JobPortalRest\target\classes;C:\Users\Karthik_Patlolla\.m2\repository\org\springframework\security\spring-security-core\5.3.3.RELEASE\spring-security-core-5.3.3.RELEASE.jar;C:\Users\Karthik_Patlolla\.p2\pool\plugins\org.junit_4.13.0.v20200204-1500.jar;C:\Users\Karthik_Patlolla\.p2\pool\plugins\org.hamcrest.core_1.3.0.v20180420-1519.jar;C:\Users\Karthik_Patlolla\.m2\repository\org\springframework\boot\spring-boot-starter-web\2.3.1.RELEASE\spring-boot-starter-web-2.3.1.RELEASE.jar;C:\Users\Karthik_Patlolla\.m2\repository\org\springframework\boot\spring-boot-starter\2.3.1.RELEASE\spring-boot-starter-2.3.1.RELEASE.jar;C:\Users\Karthik_Patlolla\.m2\repository\org\springframework\boot\spring-boot\2.3.1.RELEASE\spring-boot-2.3.1.RELEASE.jar;C:\Users\Karthik_Patlolla\.m2\repository\org\springframework\boot\spring-boot-autoconfigure\2.3.1.RELEASE\spring-boot-autoconfigure-2.3.1.RELEASE.jar;C:\Users\Karthik_Patlolla\.m2\repository\org\springframework\boot\spring-boot-starter-logging\2.3.1.RELEASE\spring-boot-starter-logging-2.3.1.RELEASE.jar;C:\Users\Karthik_Patlolla\.m2\repository\ch\qos\logback\logback-classic\1.2.3\logback-classic-1.2.3.jar;C:\Users\Karthik_Patlolla\.m2\repository\ch\qos\logback\logback-core\1.2.3\logback-core-1.2.3.jar;C:\Users\Karthik_Patlolla\.m2\repository\org\apache\logging\log4j\log4j-to-slf4j\2.13.3\log4j-to-slf4j-2.13.3.jar;C:\Users\Karthik_Patlolla\.m2\repository\org\apache\logging\log4j\log4j-api\2.13.3\log4j-api-2.13.3.jar;C:\Users\Karthik_Patlolla\.m2\repository\org\slf4j\jul-to-slf4j\1.7.30\jul-to-slf4j-1.7.30.jar;C:\Users\Karthik_Patlolla\.m2\repository\jakarta\annotation\jakarta.annotation-api\1.3.5\jakarta.annotation-api-1.3.5.jar;C:\Users\Karthik_Patlolla\.m2\repository\org\yaml\snakeyaml\1.26\snakeyaml-1.26.jar;C:\Users\Karthik_Patlolla\.m2\repository\org\springframework\boot\spring-boot-st
Launcher Type: SUN_STANDARD

Environment Variables:
JAVA_HOME=C:\Program Files\Java\jdk1.8.0_231
PATH=C:/Program Files/Java/jre1.8.0_231/bin/server;C:/Program Files/Java/jre1.8.0_231/bin;C:/Program Files/Java/jre1.8.0_231/lib/amd64;C:\Program Files\Microsoft MPI\Bin\;C:\Program Files (x86)\Common Files\Oracle\Java\javapath;C:\WINDOWS\system32;C:\WINDOWS;C:\WINDOWS\System32\Wbem;C:\WINDOWS\System32\WindowsPowerShell\v1.0\;C:\WINDOWS\System32\OpenSSH\;C:\Users\dnjd\AppData\Local\Microsoft\WindowsApps;D:\apache-maven-3.6.1\bin;C:\Program Files\Git\cmd;C:\Program Files\Java\jdk-11.0.5\bin;C:\Program Files\Microsoft SQL Server\Client SDK\ODBC\130\Tools\Binn\;C:\Program Files (x86)\Microsoft SQL Server\140\Tools\Binn\;C:\Program Files\Microsoft SQL Server\140\Tools\Binn\;C:\Program Files\Microsoft SQL Server\140\DTS\Binn\;C:\Program Files (x86)\Microsoft SQL Server\140\DTS\Binn\;C:\Program Files (x86)\Microsoft SQL Server\150\DTS\Binn\;C:\Program Files\dotnet\;C:\Program Files\Microsoft SQL Server\130\Tools\Binn\;C:\Program Files\Microsoft SQL Server\Client SDK\ODBC\170\Tools\Binn\;C:\Users\Karthik_Patlolla\AppData\Local\Microsoft\WindowsApps;C:\Users\Karthik_Patlolla\AppData\Local\Programs\Microsoft VS Code\bin;C:\Users\Karthik_Patlolla\AppData\Local\GitHubDesktop\bin;C:\WINDOWS\system32;
USERNAME=Karthik_Patlolla
OS=Windows_NT
PROCESSOR_IDENTIFIER=Intel64 Family 6 Model 60 Stepping 3, GenuineIntel



---------------  S Y S T E M  ---------------

OS: Windows 10.0 , 64 bit Build 18362 (10.0.18362.900)

CPU:total 8 (initial active 8) (4 cores per cpu, 2 threads per core) family 6 model 60 stepping 3, cmov, cx8, fxsr, mmx, sse, sse2, sse3, ssse3, sse4.1, sse4.2, popcnt, avx, avx2, aes, clmul, erms, lzcnt, ht, tsc, tscinvbit, bmi1, bmi2

Memory: 4k page, physical 16683188k(4058352k free), swap 16683188k(6628k free)

vm_info: Java HotSpot(TM) 64-Bit Server VM (25.231-b11) for windows-amd64 JRE (1.8.0_231-b11), built on Oct  5 2019 03:11:30 by "java_re" with MS VC++ 10.0 (VS2010)

time: Fri Jul 24 12:41:39 2020
timezone: India Standard Time
elapsed time: 29 seconds (0d 0h 0m 29s)

