#
# There is insufficient memory for the Java Runtime Environment to continue.
# Native memory allocation (malloc) failed to allocate 262160 bytes for Chunk::new
# Possible reasons:
#   The system is out of physical RAM or swap space
#   The process is running with CompressedOops enabled, and the Java Heap may be blocking the growth of the native heap
# Possible solutions:
#   Reduce memory load on the system
#   Increase physical memory or swap space
#   Check if swap backing store is full
#   Decrease Java heap size (-Xmx/-Xms)
#   Decrease number of Java threads
#   Decrease Java thread stack sizes (-Xss)
#   Set larger code cache with -XX:ReservedCodeCacheSize=
#   JVM is running with Zero Based Compressed Oops mode in which the Java heap is
#     placed in the first 32GB address space. The Java Heap base address is the
#     maximum limit for the native heap growth. Please use -XX:HeapBaseMinAddress
#     to set the Java Heap base and to place the Java Heap above 32GB virtual address.
# This output file may be truncated or incomplete.
#
#  Out of Memory Error (allocation.cpp:389), pid=14680, tid=0x000000000000362c
#
# JRE version: Java(TM) SE Runtime Environment (8.0_231-b11) (build 1.8.0_231-b11)
# Java VM: Java HotSpot(TM) 64-Bit Server VM (25.231-b11 mixed mode windows-amd64 compressed oops)
# Failed to write core dump. Minidumps are not enabled by default on client versions of Windows
#

---------------  T H R E A D  ---------------

Current thread (0x000000001f380000):  JavaThread "C2 CompilerThread0" daemon [_thread_in_native, id=13868, stack(0x000000001fae0000,0x000000001fbe0000)]

Stack: [0x000000001fae0000,0x000000001fbe0000]
[error occurred during error reporting (printing stack bounds), id 0xc0000005]

Native frames: (J=compiled Java code, j=interpreted, Vv=VM code, C=native code)


Current CompileTask:
C2:   9548 6771   !   4       com.sun.beans.TypeResolver::resolve (274 bytes)


---------------  P R O C E S S  ---------------

Java Threads: ( => current thread )
  0x000000002151a000 JavaThread "HikariPool-1 connection adder" daemon [_thread_blocked, id=3244, stack(0x0000000025010000,0x0000000025110000)]
  0x000000002151d800 JavaThread "task-1" [_thread_in_Java, id=20212, stack(0x0000000023f40000,0x0000000024040000)]
  0x000000002151b800 JavaThread "HikariPool-1 housekeeper" daemon [_thread_blocked, id=18604, stack(0x0000000023860000,0x0000000023960000)]
  0x000000001f97f000 JavaThread "ReaderThread" [_thread_in_native, id=23520, stack(0x00000000210b0000,0x00000000211b0000)]
  0x000000001f475000 JavaThread "Service Thread" daemon [_thread_blocked, id=2856, stack(0x000000001fee0000,0x000000001ffe0000)]
  0x000000001f482000 JavaThread "C1 CompilerThread3" daemon [_thread_in_vm, id=11036, stack(0x000000001fde0000,0x000000001fee0000)]
  0x000000001f458800 JavaThread "C2 CompilerThread2" daemon [_thread_in_native, id=17432, stack(0x000000001fce0000,0x000000001fde0000)]
  0x000000001f387000 JavaThread "C2 CompilerThread1" daemon [_thread_in_native, id=23800, stack(0x000000001fbe0000,0x000000001fce0000)]
=>0x000000001f380000 JavaThread "C2 CompilerThread0" daemon [_thread_in_native, id=13868, stack(0x000000001fae0000,0x000000001fbe0000)]
  0x000000001f35d800 JavaThread "org.jacoco.agent.rt.internal_43f5073.output.TcpClientOutput" daemon [_thread_in_native, id=14716, stack(0x000000001f9e0000,0x000000001fae0000)]
  0x000000001ea11800 JavaThread "Attach Listener" daemon [_thread_blocked, id=10020, stack(0x000000001f0e0000,0x000000001f1e0000)]
  0x000000001ea10800 JavaThread "Signal Dispatcher" daemon [_thread_blocked, id=15660, stack(0x000000001efe0000,0x000000001f0e0000)]
  0x000000001ea00800 JavaThread "Finalizer" daemon [_thread_blocked, id=26944, stack(0x000000001ede0000,0x000000001eee0000)]
  0x000000001cafe800 JavaThread "Reference Handler" daemon [_thread_blocked, id=19200, stack(0x000000001e8e0000,0x000000001e9e0000)]
  0x0000000002e58000 JavaThread "main" [_thread_in_vm, id=12116, stack(0x0000000002d00000,0x0000000002e00000)]

Other Threads:
  0x000000001caf6800 VMThread [stack: 0x000000001e7e0000,0x000000001e8e0000] [id=26016]
  0x000000001f4cd800 WatcherThread [stack: 0x000000001ffe0000,0x00000000200e0000] [id=18560]

VM state:not at safepoint (normal execution)

VM Mutex/Monitor currently owned by a thread: None

heap address: 0x00000006c1600000, size: 4074 MB, Compressed Oops mode: Zero based, Oop shift amount: 3
Narrow klass base: 0x0000000000000000, Narrow klass shift: 3
Compressed class space size: 1073741824 Address: 0x00000007c0000000

Heap:
 PSYoungGen      total 497664K, used 208338K [0x000000076b200000, 0x000000078b000000, 0x00000007c0000000)
  eden space 482304K, 43% used [0x000000076b200000,0x0000000777d74b10,0x0000000788900000)
  from space 15360K, 0% used [0x0000000789800000,0x0000000789800000,0x000000078a700000)
  to   space 15360K, 0% used [0x0000000788900000,0x0000000788900000,0x0000000789800000)
 ParOldGen       total 170496K, used 21001K [0x00000006c1600000, 0x00000006cbc80000, 0x000000076b200000)
  object space 170496K, 12% used [0x00000006c1600000,0x00000006c2a82670,0x00000006cbc80000)
 Metaspace       used 62047K, capacity 65060K, committed 65240K, reserved 1105920K
  class space    used 7914K, capacity 8420K, committed 8448K, reserved 1048576K

Card table byte_map: [0x0000000012470000,0x0000000012c70000] byte_map_base: 0x000000000ee65000

Marking Bits: (ParMarkBitMap*) 0x0000000056616d90
 Begin Bits: [0x00000000139c0000, 0x0000000017968000)
 End Bits:   [0x0000000017968000, 0x000000001b910000)

Polling page: 0x0000000000910000

CodeCache: size=245760Kb used=21660Kb max_used=21666Kb free=224099Kb
 bounds [0x00000000030b0000, 0x00000000045f0000, 0x00000000120b0000]
 total_blobs=6351 nmethods=5824 adapters=437
 compilation: enabled

Compilation events (10 events):
Event: 9.520 Thread 0x000000001f482000 6868       3       org.hibernate.internal.util.collections.JoinedIterator::updateCurrentIterator (159 bytes)
Event: 9.521 Thread 0x000000001f482000 nmethod 6868 0x00000000045e5510 code [0x00000000045e56e0, 0x00000000045e5e38]
Event: 9.530 Thread 0x000000001f482000 6869       3       org.hibernate.mapping.RootClass::$jacocoInit (53 bytes)
Event: 9.531 Thread 0x000000001f482000 nmethod 6869 0x00000000045e6250 code [0x00000000045e6420, 0x00000000045e6cb8]
Event: 9.531 Thread 0x000000001f482000 6871       3       org.hibernate.mapping.Collection::$jacocoInit (54 bytes)
Event: 9.531 Thread 0x000000001f482000 nmethod 6871 0x00000000045e6f10 code [0x00000000045e70e0, 0x00000000045e7ab8]
Event: 9.531 Thread 0x000000001f482000 6870       3       org.hibernate.type.AbstractStandardBasicType::$jacocoInit (53 bytes)
Event: 9.531 Thread 0x000000001f482000 nmethod 6870 0x00000000045e7dd0 code [0x00000000045e7fa0, 0x00000000045e8838]
Event: 9.532 Thread 0x000000001f482000 6872       3       org.hibernate.internal.util.ReflectHelper::$jacocoInit (54 bytes)
Event: 9.532 Thread 0x000000001f482000 nmethod 6872 0x00000000045e8a90 code [0x00000000045e8c60, 0x00000000045e9658]

GC Heap History (10 events):
Event: 5.246 GC heap before
{Heap before GC invocations=13 (full 2):
 PSYoungGen      total 280576K, used 272384K [0x000000076b200000, 0x000000077e300000, 0x00000007c0000000)
  eden space 272384K, 100% used [0x000000076b200000,0x000000077bc00000,0x000000077bc00000)
  from space 8192K, 0% used [0x000000077c480000,0x000000077c480000,0x000000077cc80000)
  to   space 8704K, 0% used [0x000000077bc00000,0x000000077bc00000,0x000000077c480000)
 ParOldGen       total 119808K, used 9804K [0x00000006c1600000, 0x00000006c8b00000, 0x000000076b200000)
  object space 119808K, 8% used [0x00000006c1600000,0x00000006c1f93360,0x00000006c8b00000)
 Metaspace       used 33853K, capacity 35728K, committed 35968K, reserved 1081344K
  class space    used 4318K, capacity 4660K, committed 4736K, reserved 1048576K
Event: 5.249 GC heap after
Heap after GC invocations=13 (full 2):
 PSYoungGen      total 281088K, used 1063K [0x000000076b200000, 0x0000000783200000, 0x00000007c0000000)
  eden space 272384K, 0% used [0x000000076b200000,0x000000076b200000,0x000000077bc00000)
  from space 8704K, 12% used [0x000000077bc00000,0x000000077bd09d68,0x000000077c480000)
  to   space 9216K, 0% used [0x0000000782900000,0x0000000782900000,0x0000000783200000)
 ParOldGen       total 119808K, used 9812K [0x00000006c1600000, 0x00000006c8b00000, 0x000000076b200000)
  object space 119808K, 8% used [0x00000006c1600000,0x00000006c1f95360,0x00000006c8b00000)
 Metaspace       used 33853K, capacity 35728K, committed 35968K, reserved 1081344K
  class space    used 4318K, capacity 4660K, committed 4736K, reserved 1048576K
}
Event: 6.600 GC heap before
{Heap before GC invocations=14 (full 2):
 PSYoungGen      total 281088K, used 273447K [0x000000076b200000, 0x0000000783200000, 0x00000007c0000000)
  eden space 272384K, 100% used [0x000000076b200000,0x000000077bc00000,0x000000077bc00000)
  from space 8704K, 12% used [0x000000077bc00000,0x000000077bd09d68,0x000000077c480000)
  to   space 9216K, 0% used [0x0000000782900000,0x0000000782900000,0x0000000783200000)
 ParOldGen       total 119808K, used 9812K [0x00000006c1600000, 0x00000006c8b00000, 0x000000076b200000)
  object space 119808K, 8% used [0x00000006c1600000,0x00000006c1f95360,0x00000006c8b00000)
 Metaspace       used 40808K, capacity 43144K, committed 43264K, reserved 1087488K
  class space    used 5172K, capacity 5584K, committed 5632K, reserved 1048576K
Event: 6.608 GC heap after
Heap after GC invocations=14 (full 2):
 PSYoungGen      total 375296K, used 9186K [0x000000076b200000, 0x0000000783200000, 0x00000007c0000000)
  eden space 366080K, 0% used [0x000000076b200000,0x000000076b200000,0x0000000781780000)
  from space 9216K, 99% used [0x0000000782900000,0x00000007831f8b18,0x0000000783200000)
  to   space 10752K, 0% used [0x0000000781d00000,0x0000000781d00000,0x0000000782780000)
 ParOldGen       total 119808K, used 10646K [0x00000006c1600000, 0x00000006c8b00000, 0x000000076b200000)
  object space 119808K, 8% used [0x00000006c1600000,0x00000006c2065818,0x00000006c8b00000)
 Metaspace       used 40808K, capacity 43144K, committed 43264K, reserved 1087488K
  class space    used 5172K, capacity 5584K, committed 5632K, reserved 1048576K
}
Event: 8.426 GC heap before
{Heap before GC invocations=15 (full 2):
 PSYoungGen      total 375296K, used 375266K [0x000000076b200000, 0x0000000783200000, 0x00000007c0000000)
  eden space 366080K, 100% used [0x000000076b200000,0x0000000781780000,0x0000000781780000)
  from space 9216K, 99% used [0x0000000782900000,0x00000007831f8b18,0x0000000783200000)
  to   space 10752K, 0% used [0x0000000781d00000,0x0000000781d00000,0x0000000782780000)
 ParOldGen       total 119808K, used 10646K [0x00000006c1600000, 0x00000006c8b00000, 0x000000076b200000)
  object space 119808K, 8% used [0x00000006c1600000,0x00000006c2065818,0x00000006c8b00000)
 Metaspace       used 54478K, capacity 56998K, committed 57344K, reserved 1099776K
  class space    used 6936K, capacity 7385K, committed 7424K, reserved 1048576K
Event: 8.446 GC heap after
Heap after GC invocations=15 (full 2):
 PSYoungGen      total 382464K, used 10735K [0x000000076b200000, 0x000000078a700000, 0x00000007c0000000)
  eden space 371712K, 0% used [0x000000076b200000,0x000000076b200000,0x0000000781d00000)
  from space 10752K, 99% used [0x0000000781d00000,0x000000078277bc48,0x0000000782780000)
  to   space 15360K, 0% used [0x0000000789800000,0x0000000789800000,0x000000078a700000)
 ParOldGen       total 119808K, used 20047K [0x00000006c1600000, 0x00000006c8b00000, 0x000000076b200000)
  object space 119808K, 16% used [0x00000006c1600000,0x00000006c2993d98,0x00000006c8b00000)
 Metaspace       used 54478K, capacity 56998K, committed 57344K, reserved 1099776K
  class space    used 6936K, capacity 7385K, committed 7424K, reserved 1048576K
}
Event: 8.699 GC heap before
{Heap before GC invocations=16 (full 2):
 PSYoungGen      total 382464K, used 101929K [0x000000076b200000, 0x000000078a700000, 0x00000007c0000000)
  eden space 371712K, 24% used [0x000000076b200000,0x0000000770b0eac8,0x0000000781d00000)
  from space 10752K, 99% used [0x0000000781d00000,0x000000078277bc48,0x0000000782780000)
  to   space 15360K, 0% used [0x0000000789800000,0x0000000789800000,0x000000078a700000)
 ParOldGen       total 119808K, used 20047K [0x00000006c1600000, 0x00000006c8b00000, 0x000000076b200000)
  object space 119808K, 16% used [0x00000006c1600000,0x00000006c2993d98,0x00000006c8b00000)
 Metaspace       used 56364K, capacity 58880K, committed 59096K, reserved 1101824K
  class space    used 7171K, capacity 7624K, committed 7680K, reserved 1048576K
Event: 8.706 GC heap after
Heap after GC invocations=16 (full 2):
 PSYoungGen      total 497664K, used 2515K [0x000000076b200000, 0x000000078b000000, 0x00000007c0000000)
  eden space 482304K, 0% used [0x000000076b200000,0x000000076b200000,0x0000000788900000)
  from space 15360K, 16% used [0x0000000789800000,0x0000000789a74cb8,0x000000078a700000)
  to   space 15360K, 0% used [0x0000000788900000,0x0000000788900000,0x0000000789800000)
 ParOldGen       total 119808K, used 25823K [0x00000006c1600000, 0x00000006c8b00000, 0x000000076b200000)
  object space 119808K, 21% used [0x00000006c1600000,0x00000006c2f37f40,0x00000006c8b00000)
 Metaspace       used 56364K, capacity 58880K, committed 59096K, reserved 1101824K
  class space    used 7171K, capacity 7624K, committed 7680K, reserved 1048576K
}
Event: 8.706 GC heap before
{Heap before GC invocations=17 (full 3):
 PSYoungGen      total 497664K, used 2515K [0x000000076b200000, 0x000000078b000000, 0x00000007c0000000)
  eden space 482304K, 0% used [0x000000076b200000,0x000000076b200000,0x0000000788900000)
  from space 15360K, 16% used [0x0000000789800000,0x0000000789a74cb8,0x000000078a700000)
  to   space 15360K, 0% used [0x0000000788900000,0x0000000788900000,0x0000000789800000)
 ParOldGen       total 119808K, used 25823K [0x00000006c1600000, 0x00000006c8b00000, 0x000000076b200000)
  object space 119808K, 21% used [0x00000006c1600000,0x00000006c2f37f40,0x00000006c8b00000)
 Metaspace       used 56364K, capacity 58880K, committed 59096K, reserved 1101824K
  class space    used 7171K, capacity 7624K, committed 7680K, reserved 1048576K
Event: 8.840 GC heap after
Heap after GC invocations=17 (full 3):
 PSYoungGen      total 497664K, used 0K [0x000000076b200000, 0x000000078b000000, 0x00000007c0000000)
  eden space 482304K, 0% used [0x000000076b200000,0x000000076b200000,0x0000000788900000)
  from space 15360K, 0% used [0x0000000789800000,0x0000000789800000,0x000000078a700000)
  to   space 15360K, 0% used [0x0000000788900000,0x0000000788900000,0x0000000789800000)
 ParOldGen       total 170496K, used 21001K [0x00000006c1600000, 0x00000006cbc80000, 0x000000076b200000)
  object space 170496K, 12% used [0x00000006c1600000,0x00000006c2a82670,0x00000006cbc80000)
 Metaspace       used 56364K, capacity 58880K, committed 59096K, reserved 1101824K
  class space    used 7171K, capacity 7624K, committed 7680K, reserved 1048576K
}

Deoptimization events (10 events):
Event: 8.979 Thread 0x0000000002e58000 Uncommon trap: reason=unstable_if action=reinterpret pc=0x000000000443dee4 method=org.springframework.boot.context.properties.source.ConfigurationPropertyName.elementsOf(Ljava/lang/CharSequence;ZI)Lorg/springframework/boot/context/properties/source/Config
Event: 9.214 Thread 0x0000000002e58000 Uncommon trap: reason=unstable_if action=reinterpret pc=0x00000000042700a0 method=java.util.WeakHashMap.put(Ljava/lang/Object;Ljava/lang/Object;)Ljava/lang/Object; @ 47
Event: 9.225 Thread 0x0000000002e58000 Uncommon trap: reason=unstable_if action=reinterpret pc=0x000000000448fce0 method=org.springframework.beans.factory.support.AbstractBeanFactory.isTypeMatch(Ljava/lang/String;Lorg/springframework/core/ResolvableType;Z)Z @ 1267
Event: 9.268 Thread 0x0000000002e58000 Uncommon trap: reason=range_check action=make_not_entrant pc=0x00000000035a2844 method=java.util.zip.ZipUtils.get16([BI)I @ 10
Event: 9.275 Thread 0x000000002151d800 Uncommon trap: reason=unstable_if action=reinterpret pc=0x00000000037aeef0 method=java.lang.Class$MethodArray.addIfNotPresent(Ljava/lang/reflect/Method;)V @ 19
Event: 9.379 Thread 0x0000000002e58000 Uncommon trap: reason=class_check action=maybe_recompile pc=0x0000000003a8c55c method=java.util.concurrent.ConcurrentHashMap.get(Ljava/lang/Object;)Ljava/lang/Object; @ 93
Event: 9.379 Thread 0x0000000002e58000 Uncommon trap: reason=unstable_if action=reinterpret pc=0x0000000004562f6c method=java.util.concurrent.ConcurrentHashMap.putVal(Ljava/lang/Object;Ljava/lang/Object;Z)Ljava/lang/Object; @ 152
Event: 9.380 Thread 0x0000000002e58000 Uncommon trap: reason=class_check action=maybe_recompile pc=0x0000000003a8c55c method=java.util.concurrent.ConcurrentHashMap.get(Ljava/lang/Object;)Ljava/lang/Object; @ 93
Event: 9.380 Thread 0x0000000002e58000 Uncommon trap: reason=class_check action=maybe_recompile pc=0x0000000003a8c55c method=java.util.concurrent.ConcurrentHashMap.get(Ljava/lang/Object;)Ljava/lang/Object; @ 93
Event: 9.380 Thread 0x0000000002e58000 Uncommon trap: reason=class_check action=maybe_recompile pc=0x0000000003a8c55c method=java.util.concurrent.ConcurrentHashMap.get(Ljava/lang/Object;)Ljava/lang/Object; @ 93

Classes redefined (0 events):
No events

Internal exceptions (10 events):
Event: 9.513 Thread 0x0000000002e58000 Exception <a 'java/lang/ClassNotFoundException': org/springframework/data/web/SortHandlerMethodArgumentResolverCustomizer> (0x0000000776d06760) thrown at [C:\re\workspace\8-2-build-windows-amd64-cygwin\jdk8u231\13620\hotspot\src\share\vm\classfile\systemD
Event: 9.514 Thread 0x0000000002e58000 Exception <a 'java/lang/ClassNotFoundException': org/springframework/data/web/SortArgumentResolverCustomizer> (0x0000000776d2eab0) thrown at [C:\re\workspace\8-2-build-windows-amd64-cygwin\jdk8u231\13620\hotspot\src\share\vm\classfile\systemDictionary.cpp
Event: 9.515 Thread 0x0000000002e58000 Exception <a 'java/lang/ClassNotFoundException': org/springframework/web/method/support/HandlerMethodArgumentResolverCustomizer> (0x0000000776d58260) thrown at [C:\re\workspace\8-2-build-windows-amd64-cygwin\jdk8u231\13620\hotspot\src\share\vm\classfile\s
Event: 9.520 Thread 0x0000000002e58000 Implicit null exception at 0x00000000033bbf88 to 0x00000000033bc79e
Event: 9.520 Thread 0x0000000002e58000 Exception <a 'java/lang/NullPointerException'> (0x0000000776dc0188) thrown at [C:\re\workspace\8-2-build-windows-amd64-cygwin\jdk8u231\13620\hotspot\src\share\vm\runtime\sharedRuntime.cpp, line 605]
Event: 9.522 Thread 0x0000000002e58000 Exception <a 'java/lang/ClassNotFoundException': java/lang/ObjectCustomizer> (0x0000000776deaf88) thrown at [C:\re\workspace\8-2-build-windows-amd64-cygwin\jdk8u231\13620\hotspot\src\share\vm\classfile\systemDictionary.cpp, line 210]
Event: 9.523 Thread 0x0000000002e58000 Exception <a 'java/lang/ClassNotFoundException': org/springframework/data/web/PageableHandlerMethodArgumentResolverSupportCustomizer> (0x0000000776e17420) thrown at [C:\re\workspace\8-2-build-windows-amd64-cygwin\jdk8u231\13620\hotspot\src\share\vm\classf
Event: 9.524 Thread 0x0000000002e58000 Exception <a 'java/lang/ClassNotFoundException': org/springframework/data/web/PageableHandlerMethodArgumentResolverCustomizer> (0x0000000776e452d0) thrown at [C:\re\workspace\8-2-build-windows-amd64-cygwin\jdk8u231\13620\hotspot\src\share\vm\classfile\sys
Event: 9.525 Thread 0x0000000002e58000 Exception <a 'java/lang/ClassNotFoundException': org/springframework/data/web/PageableArgumentResolverCustomizer> (0x0000000776e716b8) thrown at [C:\re\workspace\8-2-build-windows-amd64-cygwin\jdk8u231\13620\hotspot\src\share\vm\classfile\systemDictionary
Event: 9.526 Thread 0x0000000002e58000 Exception <a 'java/lang/ClassNotFoundException': org/springframework/web/method/support/HandlerMethodArgumentResolverCustomizer> (0x0000000776e9aa58) thrown at [C:\re\workspace\8-2-build-windows-amd64-cygwin\jdk8u231\13620\hotspot\src\share\vm\classfile\s

Events (10 events):
Event: 9.530 loading class org/springframework/web/method/support/HandlerMethodReturnValueHandlerComposite
Event: 9.530 loading class org/springframework/web/method/support/HandlerMethodReturnValueHandlerComposite done
Event: 9.531 loading class org/hibernate/engine/spi/CascadeStyles$MultipleCascadeStyle
Event: 9.531 loading class org/hibernate/engine/spi/CascadeStyles$MultipleCascadeStyle done
Event: 9.531 loading class org/springframework/web/method/annotation/ModelFactory
Event: 9.531 loading class org/springframework/web/method/annotation/ModelFactory done
Event: 9.532 loading class org/springframework/web/method/annotation/SessionAttributesHandler
Event: 9.532 loading class org/springframework/web/method/annotation/SessionAttributesHandler done
Event: 9.532 loading class org/springframework/web/method/ControllerAdviceBean
Event: 9.532 loading class org/springframework/web/method/ControllerAdviceBean done


Dynamic libraries:
0x00007ff6a31e0000 - 0x00007ff6a3217000 	C:\Program Files\Java\jre1.8.0_231\bin\javaw.exe
0x0000000000d60000 - 0x0000000000f50000 	C:\WINDOWS\SYSTEM32\ntd1l.dll
0x0000000000f60000 - 0x0000000001012000 	C:\WINDOWS\System32\kern3l32.dll
0x00007ffdf93c0000 - 0x00007ffdf95b0000 	C:\WINDOWS\SYSTEM32\ntdll.dll
0x00007ffdf8090000 - 0x00007ffdf8142000 	C:\WINDOWS\System32\KERNEL32.DLL
0x00007ffdf71c0000 - 0x00007ffdf7464000 	C:\WINDOWS\System32\KERNELBASE.dll
0x00007ffdf5f30000 - 0x00007ffdf60c7000 	C:\Program Files\SentinelOne\Sentinel Agent 4.1.4.82\InProcessClient64.dll
0x00007ffdf7470000 - 0x00007ffdf7513000 	C:\WINDOWS\System32\ADVAPI32.dll
0x00007ffdf7ff0000 - 0x00007ffdf808e000 	C:\WINDOWS\System32\msvcrt.dll
0x00007ffdf8280000 - 0x00007ffdf8317000 	C:\WINDOWS\System32\sechost.dll
0x00007ffdf8540000 - 0x00007ffdf8660000 	C:\WINDOWS\System32\RPCRT4.dll
0x00007ffdf7e50000 - 0x00007ffdf7fe4000 	C:\WINDOWS\System32\USER32.dll
0x00007ffdf6520000 - 0x00007ffdf6541000 	C:\WINDOWS\System32\win32u.dll
0x00007ffdf7590000 - 0x00007ffdf75b6000 	C:\WINDOWS\System32\GDI32.dll
0x00007ffdf6550000 - 0x00007ffdf66e5000 	C:\WINDOWS\System32\gdi32full.dll
0x00007ffdf70d0000 - 0x00007ffdf716e000 	C:\WINDOWS\System32\msvcp_win.dll
0x00007ffdf6850000 - 0x00007ffdf694a000 	C:\WINDOWS\System32\ucrtbase.dll
0x00007ffde2820000 - 0x00007ffde2aa4000 	C:\WINDOWS\WinSxS\amd64_microsoft.windows.common-controls_6595b64144ccf1df_6.0.18362.900_none_e6beb9d913147d17\COMCTL32.dll
0x00007ffdf7b10000 - 0x00007ffdf7e45000 	C:\WINDOWS\System32\combase.dll
0x00007ffdf6350000 - 0x00007ffdf63d0000 	C:\WINDOWS\System32\bcryptPrimitives.dll
0x00007ffdf7990000 - 0x00007ffdf79be000 	C:\WINDOWS\System32\IMM32.DLL
0x00007ffdf5f20000 - 0x00007ffdf5f2a000 	C:\WINDOWS\SYSTEM32\VERSION.dll
0x00000000568f0000 - 0x00000000569c2000 	C:\Program Files\Java\jre1.8.0_231\bin\msvcr100.dll
0x0000000055df0000 - 0x0000000056696000 	C:\Program Files\Java\jre1.8.0_231\bin\server\jvm.dll
0x00007ffdf78d0000 - 0x00007ffdf78d8000 	C:\WINDOWS\System32\PSAPI.DLL
0x00007ffde58d0000 - 0x00007ffde58d9000 	C:\WINDOWS\SYSTEM32\WSOCK32.dll
0x00007ffdf8320000 - 0x00007ffdf838f000 	C:\WINDOWS\System32\WS2_32.dll
0x00007ffdf28a0000 - 0x00007ffdf28c4000 	C:\WINDOWS\SYSTEM32\WINMM.dll
0x00007ffdf2860000 - 0x00007ffdf288d000 	C:\WINDOWS\SYSTEM32\WINMMBASE.dll
0x00007ffdf7170000 - 0x00007ffdf71ba000 	C:\WINDOWS\System32\cfgmgr32.dll
0x00007ffdf0ff0000 - 0x00007ffdf0fff000 	C:\Program Files\Java\jre1.8.0_231\bin\verify.dll
0x00007ffdeb4e0000 - 0x00007ffdeb509000 	C:\Program Files\Java\jre1.8.0_231\bin\java.dll
0x00007ffdeb350000 - 0x00007ffdeb373000 	C:\Program Files\Java\jre1.8.0_231\bin\instrument.dll
0x00007ffdeb170000 - 0x00007ffdeb186000 	C:\Program Files\Java\jre1.8.0_231\bin\zip.dll
0x00007ffdf8c30000 - 0x00007ffdf9316000 	C:\WINDOWS\System32\SHELL32.dll
0x00007ffdf78e0000 - 0x00007ffdf7989000 	C:\WINDOWS\System32\shcore.dll
0x00007ffdf6950000 - 0x00007ffdf70d0000 	C:\WINDOWS\System32\windows.storage.dll
0x00007ffdf6320000 - 0x00007ffdf6343000 	C:\WINDOWS\System32\profapi.dll
0x00007ffdf62d0000 - 0x00007ffdf631a000 	C:\WINDOWS\System32\powrprof.dll
0x00007ffdf6280000 - 0x00007ffdf6290000 	C:\WINDOWS\System32\UMPDC.dll
0x00007ffdf8220000 - 0x00007ffdf8272000 	C:\WINDOWS\System32\shlwapi.dll
0x00007ffdf62b0000 - 0x00007ffdf62c1000 	C:\WINDOWS\System32\kernel.appcore.dll
0x00007ffdf6830000 - 0x00007ffdf6847000 	C:\WINDOWS\System32\cryptsp.dll
0x00007ffdea350000 - 0x00007ffdea36a000 	C:\Program Files\Java\jre1.8.0_231\bin\net.dll
0x00007ffdf58e0000 - 0x00007ffdf5947000 	C:\WINDOWS\system32\mswsock.dll
0x00007ffdeb430000 - 0x00007ffdeb446000 	C:\WINDOWS\system32\napinsp.dll
0x00007ffdeb460000 - 0x00007ffdeb47a000 	C:\WINDOWS\system32\pnrpnsp.dll
0x00007ffdf5630000 - 0x00007ffdf56fb000 	C:\WINDOWS\SYSTEM32\DNSAPI.dll
0x00007ffdf75c0000 - 0x00007ffdf75c8000 	C:\WINDOWS\System32\NSI.dll
0x00007ffdf55f0000 - 0x00007ffdf562a000 	C:\WINDOWS\SYSTEM32\IPHLPAPI.DLL
0x00007ffdeb450000 - 0x00007ffdeb45e000 	C:\WINDOWS\System32\winrnr.dll
0x00007ffdf2590000 - 0x00007ffdf25ac000 	C:\WINDOWS\system32\NLAapi.dll
0x00007ffdeb480000 - 0x00007ffdeb495000 	C:\WINDOWS\system32\wshbth.dll
0x00007ffded8c0000 - 0x00007ffded8ca000 	C:\Windows\System32\rasadhlp.dll
0x00007ffdf1e40000 - 0x00007ffdf1eb7000 	C:\WINDOWS\System32\fwpuclnt.dll
0x00007ffdf66f0000 - 0x00007ffdf6716000 	C:\WINDOWS\System32\bcrypt.dll
0x00007ffde9fb0000 - 0x00007ffde9fc2000 	C:\Program Files\Java\jre1.8.0_231\bin\nio.dll
0x00007ffde4e10000 - 0x00007ffde4e1d000 	C:\Program Files\Java\jre1.8.0_231\bin\management.dll
0x00007ffdf5450000 - 0x00007ffdf5483000 	C:\WINDOWS\system32\rsaenh.dll
0x00007ffdf61a0000 - 0x00007ffdf61c5000 	C:\WINDOWS\SYSTEM32\USERENV.dll
0x00007ffdf5ab0000 - 0x00007ffdf5abc000 	C:\WINDOWS\SYSTEM32\CRYPTBASE.dll
0x00007ffdf21a0000 - 0x00007ffdf21b6000 	C:\WINDOWS\SYSTEM32\dhcpcsvc6.DLL
0x00007ffdf2130000 - 0x00007ffdf214c000 	C:\WINDOWS\SYSTEM32\dhcpcsvc.DLL
0x00007ffdd7f50000 - 0x00007ffdd7f74000 	C:\Program Files\Java\jre1.8.0_231\bin\sunec.dll
0x00007ffde4b80000 - 0x00007ffde4b8b000 	C:\Program Files\Java\jre1.8.0_231\bin\sunmscapi.dll
0x00007ffdf63d0000 - 0x00007ffdf6519000 	C:\WINDOWS\System32\CRYPT32.dll
0x00007ffdf6290000 - 0x00007ffdf62a2000 	C:\WINDOWS\System32\MSASN1.dll

VM Arguments:
jvm_args: -javaagent:C:\Users\Karthik_Patlolla\eclipse\jee-2020-03\eclipse\configuration\org.eclipse.osgi\940\0\.cp\jacocoagent.jar=includes=*,excludes=,exclclassloader=sun.reflect.DelegatingClassLoader,output=tcpclient,port=53490 -ea -Dfile.encoding=UTF-8 
java_command: org.eclipse.jdt.internal.junit.runner.RemoteTestRunner -version 3 -port 53491 -testLoaderClass org.eclipse.jdt.internal.junit5.runner.JUnit5TestLoader -loaderpluginname org.eclipse.jdt.junit5.runtime -packageNameFile C:\Users\KARTHI~1\AppData\Local\Temp\packageNames5984229094720589633.txt
java_class_path (initial): C:\Users\Karthik_Patlolla\eclipse-workspace\JobPortalRest\target\test-classes;C:\Users\Karthik_Patlolla\eclipse-workspace\JobPortalRest\target\classes;C:\Users\Karthik_Patlolla\.m2\repository\org\springframework\security\spring-security-core\5.3.3.RELEASE\spring-security-core-5.3.3.RELEASE.jar;C:\Users\Karthik_Patlolla\.p2\pool\plugins\org.junit_4.13.0.v20200204-1500.jar;C:\Users\Karthik_Patlolla\.p2\pool\plugins\org.hamcrest.core_1.3.0.v20180420-1519.jar;C:\Users\Karthik_Patlolla\.m2\repository\org\springframework\boot\spring-boot-starter-web\2.3.1.RELEASE\spring-boot-starter-web-2.3.1.RELEASE.jar;C:\Users\Karthik_Patlolla\.m2\repository\org\springframework\boot\spring-boot-starter\2.3.1.RELEASE\spring-boot-starter-2.3.1.RELEASE.jar;C:\Users\Karthik_Patlolla\.m2\repository\org\springframework\boot\spring-boot\2.3.1.RELEASE\spring-boot-2.3.1.RELEASE.jar;C:\Users\Karthik_Patlolla\.m2\repository\org\springframework\boot\spring-boot-autoconfigure\2.3.1.RELEASE\spring-boot-autoconfigure-2.3.1.RELEASE.jar;C:\Users\Karthik_Patlolla\.m2\repository\org\springframework\boot\spring-boot-starter-logging\2.3.1.RELEASE\spring-boot-starter-logging-2.3.1.RELEASE.jar;C:\Users\Karthik_Patlolla\.m2\repository\ch\qos\logback\logback-classic\1.2.3\logback-classic-1.2.3.jar;C:\Users\Karthik_Patlolla\.m2\repository\ch\qos\logback\logback-core\1.2.3\logback-core-1.2.3.jar;C:\Users\Karthik_Patlolla\.m2\repository\org\apache\logging\log4j\log4j-to-slf4j\2.13.3\log4j-to-slf4j-2.13.3.jar;C:\Users\Karthik_Patlolla\.m2\repository\org\apache\logging\log4j\log4j-api\2.13.3\log4j-api-2.13.3.jar;C:\Users\Karthik_Patlolla\.m2\repository\org\slf4j\jul-to-slf4j\1.7.30\jul-to-slf4j-1.7.30.jar;C:\Users\Karthik_Patlolla\.m2\repository\jakarta\annotation\jakarta.annotation-api\1.3.5\jakarta.annotation-api-1.3.5.jar;C:\Users\Karthik_Patlolla\.m2\repository\org\yaml\snakeyaml\1.26\snakeyaml-1.26.jar;C:\Users\Karthik_Patlolla\.m2\repository\org\springframework\boot\spring-boot-st
Launcher Type: SUN_STANDARD

Environment Variables:
JAVA_HOME=C:\Program Files\Java\jdk1.8.0_231
PATH=C:/Program Files/Java/jre1.8.0_231/bin/server;C:/Program Files/Java/jre1.8.0_231/bin;C:/Program Files/Java/jre1.8.0_231/lib/amd64;C:\Program Files\Microsoft MPI\Bin\;C:\Program Files (x86)\Common Files\Oracle\Java\javapath;C:\WINDOWS\system32;C:\WINDOWS;C:\WINDOWS\System32\Wbem;C:\WINDOWS\System32\WindowsPowerShell\v1.0\;C:\WINDOWS\System32\OpenSSH\;C:\Users\dnjd\AppData\Local\Microsoft\WindowsApps;D:\apache-maven-3.6.1\bin;C:\Program Files\Git\cmd;C:\Program Files\Java\jdk-11.0.5\bin;C:\Program Files\Microsoft SQL Server\Client SDK\ODBC\130\Tools\Binn\;C:\Program Files (x86)\Microsoft SQL Server\140\Tools\Binn\;C:\Program Files\Microsoft SQL Server\140\Tools\Binn\;C:\Program Files\Microsoft SQL Server\140\DTS\Binn\;C:\Program Files (x86)\Microsoft SQL Server\140\DTS\Binn\;C:\Program Files (x86)\Microsoft SQL Server\150\DTS\Binn\;C:\Program Files\dotnet\;C:\Program Files\Microsoft SQL Server\130\Tools\Binn\;C:\Program Files\Microsoft SQL Server\Client SDK\ODBC\170\Tools\Binn\;C:\Users\Karthik_Patlolla\AppData\Local\Microsoft\WindowsApps;C:\Users\Karthik_Patlolla\AppData\Local\Programs\Microsoft VS Code\bin;C:\Users\Karthik_Patlolla\AppData\Local\GitHubDesktop\bin;C:\WINDOWS\system32;
USERNAME=Karthik_Patlolla
OS=Windows_NT
PROCESSOR_IDENTIFIER=Intel64 Family 6 Model 60 Stepping 3, GenuineIntel



---------------  S Y S T E M  ---------------

OS: Windows 10.0 , 64 bit Build 18362 (10.0.18362.900)

CPU:total 8 (initial active 8) (4 cores per cpu, 2 threads per core) family 6 model 60 stepping 3, cmov, cx8, fxsr, mmx, sse, sse2, sse3, ssse3, sse4.1, sse4.2, popcnt, avx, avx2, aes, clmul, erms, lzcnt, ht, tsc, tscinvbit, bmi1, bmi2

Memory: 4k page, physical 16683188k(3216896k free), swap 16683188k(7236k free)

vm_info: Java HotSpot(TM) 64-Bit Server VM (25.231-b11) for windows-amd64 JRE (1.8.0_231-b11), built on Oct  5 2019 03:11:30 by "java_re" with MS VC++ 10.0 (VS2010)

time: Fri Jul 24 11:09:42 2020
timezone: India Standard Time
elapsed time: 9 seconds (0d 0h 0m 9s)

