#
# There is insufficient memory for the Java Runtime Environment to continue.
# Native memory allocation (malloc) failed to allocate 66256 bytes for Chunk::new
# Possible reasons:
#   The system is out of physical RAM or swap space
#   The process is running with CompressedOops enabled, and the Java Heap may be blocking the growth of the native heap
# Possible solutions:
#   Reduce memory load on the system
#   Increase physical memory or swap space
#   Check if swap backing store is full
#   Decrease Java heap size (-Xmx/-Xms)
#   Decrease number of Java threads
#   Decrease Java thread stack sizes (-Xss)
#   Set larger code cache with -XX:ReservedCodeCacheSize=
#   JVM is running with Zero Based Compressed Oops mode in which the Java heap is
#     placed in the first 32GB address space. The Java Heap base address is the
#     maximum limit for the native heap growth. Please use -XX:HeapBaseMinAddress
#     to set the Java Heap base and to place the Java Heap above 32GB virtual address.
# This output file may be truncated or incomplete.
#
#  Out of Memory Error (allocation.cpp:389), pid=11468, tid=0x0000000000003924
#
# JRE version: Java(TM) SE Runtime Environment (8.0_231-b11) (build 1.8.0_231-b11)
# Java VM: Java HotSpot(TM) 64-Bit Server VM (25.231-b11 mixed mode windows-amd64 compressed oops)
# Failed to write core dump. Minidumps are not enabled by default on client versions of Windows
#

---------------  T H R E A D  ---------------

Current thread (0x000000001f407800):  JavaThread "C2 CompilerThread1" daemon [_thread_in_native, id=14628, stack(0x000000001fc00000,0x000000001fd00000)]

Stack: [0x000000001fc00000,0x000000001fd00000]
[error occurred during error reporting (printing stack bounds), id 0xc0000005]

Native frames: (J=compiled Java code, j=interpreted, Vv=VM code, C=native code)


Current CompileTask:
C2:  12276 8872   !   4       org.jacoco.agent.rt.internal_43f5073.core.data.ExecutionDataWriter::visitClassExecution (63 bytes)


---------------  P R O C E S S  ---------------

Java Threads: ( => current thread )
  0x0000000024354000 JavaThread "SpringContextShutdownHook" [_thread_blocked, id=5628, stack(0x0000000028640000,0x0000000028740000)]
  0x0000000024355800 JavaThread "Thread-1" [_thread_in_native, id=736, stack(0x00000000210d0000,0x00000000211d0000)]
  0x00000000223a8800 JavaThread "task-2" [_thread_blocked, id=13800, stack(0x0000000028d40000,0x0000000028e40000)]
  0x00000000223ab800 JavaThread "task-1" [_thread_blocked, id=6244, stack(0x00000000268f0000,0x00000000269f0000)]
  0x00000000223ab000 JavaThread "HikariPool-1 housekeeper" daemon [_thread_blocked, id=24180, stack(0x00000000239d0000,0x0000000023ad0000)]
  0x000000001f470800 JavaThread "Service Thread" daemon [_thread_blocked, id=24448, stack(0x000000001ff00000,0x0000000020000000)]
  0x000000001f3ae800 JavaThread "C1 CompilerThread3" daemon [_thread_blocked, id=9892, stack(0x000000001fe00000,0x000000001ff00000)]
  0x000000001f40a000 JavaThread "C2 CompilerThread2" daemon [_thread_blocked, id=17368, stack(0x000000001fd00000,0x000000001fe00000)]
=>0x000000001f407800 JavaThread "C2 CompilerThread1" daemon [_thread_in_native, id=14628, stack(0x000000001fc00000,0x000000001fd00000)]
  0x000000001f3cc800 JavaThread "C2 CompilerThread0" daemon [_thread_blocked, id=16708, stack(0x000000001fb00000,0x000000001fc00000)]
  0x000000001f39b000 JavaThread "org.jacoco.agent.rt.internal_43f5073.output.TcpClientOutput" daemon [_thread_in_native, id=8804, stack(0x000000001fa00000,0x000000001fb00000)]
  0x000000001ea36800 JavaThread "Attach Listener" daemon [_thread_blocked, id=14080, stack(0x000000001f100000,0x000000001f200000)]
  0x000000001ea33000 JavaThread "Signal Dispatcher" daemon [_thread_blocked, id=21684, stack(0x000000001f000000,0x000000001f100000)]
  0x000000001ea20800 JavaThread "Finalizer" daemon [_thread_blocked, id=11788, stack(0x000000001ee00000,0x000000001ef00000)]
  0x000000001cb1e000 JavaThread "Reference Handler" daemon [_thread_blocked, id=2472, stack(0x000000001e900000,0x000000001ea00000)]
  0x0000000002e28000 JavaThread "main" [_thread_blocked, id=13064, stack(0x0000000002d20000,0x0000000002e20000)]

Other Threads:
  0x000000001cb19800 VMThread [stack: 0x000000001e800000,0x000000001e900000] [id=9788]
  0x000000001f3cf000 WatcherThread [stack: 0x0000000020000000,0x0000000020100000] [id=21456]

VM state:not at safepoint (normal execution)

VM Mutex/Monitor currently owned by a thread: None

heap address: 0x00000006c1600000, size: 4074 MB, Compressed Oops mode: Zero based, Oop shift amount: 3
Narrow klass base: 0x0000000000000000, Narrow klass shift: 3
Compressed class space size: 1073741824 Address: 0x00000007c0000000

Heap:
 PSYoungGen      total 755200K, used 665750K [0x000000076b200000, 0x000000079cc80000, 0x00000007c0000000)
  eden space 739328K, 90% used [0x000000076b200000,0x0000000793c25b88,0x0000000798400000)
  from space 15872K, 0% used [0x0000000799380000,0x0000000799380000,0x000000079a300000)
  to   space 15872K, 0% used [0x0000000798400000,0x0000000798400000,0x0000000799380000)
 ParOldGen       total 189952K, used 20009K [0x00000006c1600000, 0x00000006ccf80000, 0x000000076b200000)
  object space 189952K, 10% used [0x00000006c1600000,0x00000006c298a500,0x00000006ccf80000)
 Metaspace       used 74433K, capacity 78198K, committed 78376K, reserved 1118208K
  class space    used 9362K, capacity 9967K, committed 10024K, reserved 1048576K

Card table byte_map: [0x0000000012490000,0x0000000012c90000] byte_map_base: 0x000000000ee85000

Marking Bits: (ParMarkBitMap*) 0x0000000056616d90
 Begin Bits: [0x00000000139e0000, 0x0000000017988000)
 End Bits:   [0x0000000017988000, 0x000000001b930000)

Polling page: 0x0000000001170000

CodeCache: size=245760Kb used=27853Kb max_used=27888Kb free=217906Kb
 bounds [0x00000000030d0000, 0x0000000004c40000, 0x00000000120d0000]
 total_blobs=8033 nmethods=7457 adapters=487
 compilation: enabled

Compilation events (10 events):
Event: 11.442 Thread 0x000000001f3cc800 8868       4       java.net.SocketOutputStream::write (19 bytes)
Event: 11.447 Thread 0x000000001f3cc800 nmethod 8868 0x0000000004be3650 code [0x0000000004be37c0, 0x0000000004be3de8]
Event: 11.451 Thread 0x000000001f40a000 nmethod 8761 0x0000000004c15f90 code [0x0000000004c168c0, 0x0000000004c1ebb8]
Event: 11.483 Thread 0x000000001f407800 8869       4       org.jacoco.agent.rt.internal_43f5073.core.internal.data.CompactDataOutput::writeBooleanArray (80 bytes)
Event: 11.486 Thread 0x000000001f407800 nmethod 8869 0x0000000004be2e90 code [0x0000000004be3000, 0x0000000004be32a8]
Event: 11.805 Thread 0x000000001f3cc800 8870       4       java.net.SocketOutputStream::write (8 bytes)
Event: 11.808 Thread 0x000000001f3cc800 nmethod 8870 0x0000000004be52d0 code [0x0000000004be5440, 0x0000000004be5a68]
Event: 12.232 Thread 0x000000001f40a000 8871       4       java.io.DataOutputStream::writeLong (118 bytes)
Event: 12.235 Thread 0x000000001f40a000 nmethod 8871 0x0000000004be4310 code [0x0000000004be44a0, 0x0000000004be4ba8]
Event: 12.249 Thread 0x000000001f407800 8872   !   4       org.jacoco.agent.rt.internal_43f5073.core.data.ExecutionDataWriter::visitClassExecution (63 bytes)

GC Heap History (10 events):
Event: 4.590 GC heap before
{Heap before GC invocations=11 (full 1):
 PSYoungGen      total 420864K, used 191226K [0x000000076b200000, 0x000000078fe80000, 0x00000007c0000000)
  eden space 413184K, 45% used [0x000000076b200000,0x00000007769e5c88,0x0000000784580000)
  from space 7680K, 37% used [0x0000000784580000,0x0000000784858f68,0x0000000784d00000)
  to   space 8192K, 0% used [0x000000078f680000,0x000000078f680000,0x000000078fe80000)
 ParOldGen       total 88576K, used 6721K [0x00000006c1600000, 0x00000006c6c80000, 0x000000076b200000)
  object space 88576K, 7% used [0x00000006c1600000,0x00000006c1c90450,0x00000006c6c80000)
 Metaspace       used 33740K, capacity 35468K, committed 35496K, reserved 1081344K
  class space    used 4158K, capacity 4494K, committed 4520K, reserved 1048576K
Event: 4.599 GC heap after
Heap after GC invocations=11 (full 1):
 PSYoungGen      total 584192K, used 8191K [0x000000076b200000, 0x000000078fe80000, 0x00000007c0000000)
  eden space 576000K, 0% used [0x000000076b200000,0x000000076b200000,0x000000078e480000)
  from space 8192K, 99% used [0x000000078f680000,0x000000078fe7feb8,0x000000078fe80000)
  to   space 9216K, 0% used [0x000000078ec80000,0x000000078ec80000,0x000000078f580000)
 ParOldGen       total 88576K, used 8409K [0x00000006c1600000, 0x00000006c6c80000, 0x000000076b200000)
  object space 88576K, 9% used [0x00000006c1600000,0x00000006c1e36550,0x00000006c6c80000)
 Metaspace       used 33740K, capacity 35468K, committed 35496K, reserved 1081344K
  class space    used 4158K, capacity 4494K, committed 4520K, reserved 1048576K
}
Event: 4.599 GC heap before
{Heap before GC invocations=12 (full 2):
 PSYoungGen      total 584192K, used 8191K [0x000000076b200000, 0x000000078fe80000, 0x00000007c0000000)
  eden space 576000K, 0% used [0x000000076b200000,0x000000076b200000,0x000000078e480000)
  from space 8192K, 99% used [0x000000078f680000,0x000000078fe7feb8,0x000000078fe80000)
  to   space 9216K, 0% used [0x000000078ec80000,0x000000078ec80000,0x000000078f580000)
 ParOldGen       total 88576K, used 8409K [0x00000006c1600000, 0x00000006c6c80000, 0x000000076b200000)
  object space 88576K, 9% used [0x00000006c1600000,0x00000006c1e36550,0x00000006c6c80000)
 Metaspace       used 33740K, capacity 35468K, committed 35496K, reserved 1081344K
  class space    used 4158K, capacity 4494K, committed 4520K, reserved 1048576K
Event: 4.674 GC heap after
Heap after GC invocations=12 (full 2):
 PSYoungGen      total 584192K, used 0K [0x000000076b200000, 0x000000078fe80000, 0x00000007c0000000)
  eden space 576000K, 0% used [0x000000076b200000,0x000000076b200000,0x000000078e480000)
  from space 8192K, 0% used [0x000000078f680000,0x000000078f680000,0x000000078fe80000)
  to   space 9216K, 0% used [0x000000078ec80000,0x000000078ec80000,0x000000078f580000)
 ParOldGen       total 139264K, used 15091K [0x00000006c1600000, 0x00000006c9e00000, 0x000000076b200000)
  object space 139264K, 10% used [0x00000006c1600000,0x00000006c24bce00,0x00000006c9e00000)
 Metaspace       used 33740K, capacity 35468K, committed 35496K, reserved 1081344K
  class space    used 4158K, capacity 4494K, committed 4520K, reserved 1048576K
}
Event: 6.860 GC heap before
{Heap before GC invocations=13 (full 2):
 PSYoungGen      total 584192K, used 576000K [0x000000076b200000, 0x000000078fe80000, 0x00000007c0000000)
  eden space 576000K, 100% used [0x000000076b200000,0x000000078e480000,0x000000078e480000)
  from space 8192K, 0% used [0x000000078f680000,0x000000078f680000,0x000000078fe80000)
  to   space 9216K, 0% used [0x000000078ec80000,0x000000078ec80000,0x000000078f580000)
 ParOldGen       total 139264K, used 15091K [0x00000006c1600000, 0x00000006c9e00000, 0x000000076b200000)
  object space 139264K, 10% used [0x00000006c1600000,0x00000006c24bce00,0x00000006c9e00000)
 Metaspace       used 55070K, capacity 57374K, committed 57640K, reserved 1099776K
  class space    used 6970K, capacity 7387K, committed 7464K, reserved 1048576K
Event: 6.885 GC heap after
Heap after GC invocations=13 (full 2):
 PSYoungGen      total 593408K, used 9213K [0x000000076b200000, 0x000000079a300000, 0x00000007c0000000)
  eden space 584192K, 0% used [0x000000076b200000,0x000000076b200000,0x000000078ec80000)
  from space 9216K, 99% used [0x000000078ec80000,0x000000078f57f4b8,0x000000078f580000)
  to   space 15872K, 0% used [0x0000000799380000,0x0000000799380000,0x000000079a300000)
 ParOldGen       total 139264K, used 30404K [0x00000006c1600000, 0x00000006c9e00000, 0x000000076b200000)
  object space 139264K, 21% used [0x00000006c1600000,0x00000006c33b11f8,0x00000006c9e00000)
 Metaspace       used 55070K, capacity 57374K, committed 57640K, reserved 1099776K
  class space    used 6970K, capacity 7387K, committed 7464K, reserved 1048576K
}
Event: 7.024 GC heap before
{Heap before GC invocations=14 (full 2):
 PSYoungGen      total 593408K, used 84284K [0x000000076b200000, 0x000000079a300000, 0x00000007c0000000)
  eden space 584192K, 12% used [0x000000076b200000,0x000000076fb4fb58,0x000000078ec80000)
  from space 9216K, 99% used [0x000000078ec80000,0x000000078f57f4b8,0x000000078f580000)
  to   space 15872K, 0% used [0x0000000799380000,0x0000000799380000,0x000000079a300000)
 ParOldGen       total 139264K, used 30404K [0x00000006c1600000, 0x00000006c9e00000, 0x000000076b200000)
  object space 139264K, 21% used [0x00000006c1600000,0x00000006c33b11f8,0x00000006c9e00000)
 Metaspace       used 56656K, capacity 58898K, committed 59160K, reserved 1101824K
  class space    used 7146K, capacity 7553K, committed 7592K, reserved 1048576K
Event: 7.033 GC heap after
Heap after GC invocations=14 (full 2):
 PSYoungGen      total 755200K, used 1837K [0x000000076b200000, 0x000000079cc80000, 0x00000007c0000000)
  eden space 739328K, 0% used [0x000000076b200000,0x000000076b200000,0x0000000798400000)
  from space 15872K, 11% used [0x0000000799380000,0x000000079954b448,0x000000079a300000)
  to   space 15872K, 0% used [0x0000000798400000,0x0000000798400000,0x0000000799380000)
 ParOldGen       total 139264K, used 39144K [0x00000006c1600000, 0x00000006c9e00000, 0x000000076b200000)
  object space 139264K, 28% used [0x00000006c1600000,0x00000006c3c3a168,0x00000006c9e00000)
 Metaspace       used 56656K, capacity 58898K, committed 59160K, reserved 1101824K
  class space    used 7146K, capacity 7553K, committed 7592K, reserved 1048576K
}
Event: 7.033 GC heap before
{Heap before GC invocations=15 (full 3):
 PSYoungGen      total 755200K, used 1837K [0x000000076b200000, 0x000000079cc80000, 0x00000007c0000000)
  eden space 739328K, 0% used [0x000000076b200000,0x000000076b200000,0x0000000798400000)
  from space 15872K, 11% used [0x0000000799380000,0x000000079954b448,0x000000079a300000)
  to   space 15872K, 0% used [0x0000000798400000,0x0000000798400000,0x0000000799380000)
 ParOldGen       total 139264K, used 39144K [0x00000006c1600000, 0x00000006c9e00000, 0x000000076b200000)
  object space 139264K, 28% used [0x00000006c1600000,0x00000006c3c3a168,0x00000006c9e00000)
 Metaspace       used 56656K, capacity 58898K, committed 59160K, reserved 1101824K
  class space    used 7146K, capacity 7553K, committed 7592K, reserved 1048576K
Event: 7.153 GC heap after
Heap after GC invocations=15 (full 3):
 PSYoungGen      total 755200K, used 0K [0x000000076b200000, 0x000000079cc80000, 0x00000007c0000000)
  eden space 739328K, 0% used [0x000000076b200000,0x000000076b200000,0x0000000798400000)
  from space 15872K, 0% used [0x0000000799380000,0x0000000799380000,0x000000079a300000)
  to   space 15872K, 0% used [0x0000000798400000,0x0000000798400000,0x0000000799380000)
 ParOldGen       total 189952K, used 20009K [0x00000006c1600000, 0x00000006ccf80000, 0x000000076b200000)
  object space 189952K, 10% used [0x00000006c1600000,0x00000006c298a500,0x00000006ccf80000)
 Metaspace       used 56656K, capacity 58898K, committed 59160K, reserved 1101824K
  class space    used 7146K, capacity 7553K, committed 7592K, reserved 1048576K
}

Deoptimization events (10 events):
Event: 11.018 Thread 0x0000000002e28000 Uncommon trap: reason=bimorphic action=maybe_recompile pc=0x00000000041b0adc method=java.util.HashMap.putVal(ILjava/lang/Object;Ljava/lang/Object;ZZ)Ljava/lang/Object; @ 253
Event: 11.149 Thread 0x0000000002e28000 Uncommon trap: reason=bimorphic action=maybe_recompile pc=0x00000000041b0adc method=java.util.HashMap.putVal(ILjava/lang/Object;Ljava/lang/Object;ZZ)Ljava/lang/Object; @ 253
Event: 11.267 Thread 0x0000000024355800 Uncommon trap: reason=bimorphic action=maybe_recompile pc=0x0000000003ce3668 method=java.io.DataOutputStream.writeByte(I)V @ 5
Event: 11.267 Thread 0x0000000024355800 Uncommon trap: reason=class_check action=maybe_recompile pc=0x000000000375ae64 method=java.io.DataOutputStream.writeUTF(Ljava/lang/String;Ljava/io/DataOutput;)I @ 111
Event: 11.268 Thread 0x0000000024355800 Uncommon trap: reason=bimorphic action=maybe_recompile pc=0x0000000003ce3668 method=java.io.DataOutputStream.writeByte(I)V @ 5
Event: 11.269 Thread 0x0000000024355800 Uncommon trap: reason=class_check action=maybe_recompile pc=0x000000000375ae64 method=java.io.DataOutputStream.writeUTF(Ljava/lang/String;Ljava/io/DataOutput;)I @ 111
Event: 11.269 Thread 0x0000000024355800 Uncommon trap: reason=bimorphic action=maybe_recompile pc=0x0000000003ce3668 method=java.io.DataOutputStream.writeByte(I)V @ 5
Event: 11.269 Thread 0x0000000024355800 Uncommon trap: reason=bimorphic action=maybe_recompile pc=0x0000000003ce3668 method=java.io.DataOutputStream.writeByte(I)V @ 5
Event: 11.269 Thread 0x0000000024355800 Uncommon trap: reason=class_check action=maybe_recompile pc=0x000000000375ae64 method=java.io.DataOutputStream.writeUTF(Ljava/lang/String;Ljava/io/DataOutput;)I @ 111
Event: 11.269 Thread 0x0000000024355800 Uncommon trap: reason=class_check action=maybe_recompile pc=0x000000000375ae64 method=java.io.DataOutputStream.writeUTF(Ljava/lang/String;Ljava/io/DataOutput;)I @ 111

Classes redefined (0 events):
No events

Internal exceptions (10 events):
Event: 11.257 Thread 0x0000000002e28000 Exception <a 'java/lang/NullPointerException'> (0x00000007920ae410) thrown at [C:\re\workspace\8-2-build-windows-amd64-cygwin\jdk8u231\13620\hotspot\src\share\vm\runtime\sharedRuntime.cpp, line 605]
Event: 11.259 Thread 0x0000000002e28000 Implicit null exception at 0x0000000003406948 to 0x000000000340715e
Event: 11.259 Thread 0x0000000002e28000 Exception <a 'java/lang/NullPointerException'> (0x00000007920c0438) thrown at [C:\re\workspace\8-2-build-windows-amd64-cygwin\jdk8u231\13620\hotspot\src\share\vm\runtime\sharedRuntime.cpp, line 605]
Event: 11.262 Thread 0x0000000002e28000 Implicit null exception at 0x0000000003406948 to 0x000000000340715e
Event: 11.263 Thread 0x0000000002e28000 Exception <a 'java/lang/NullPointerException'> (0x00000007920f2940) thrown at [C:\re\workspace\8-2-build-windows-amd64-cygwin\jdk8u231\13620\hotspot\src\share\vm\runtime\sharedRuntime.cpp, line 605]
Event: 11.263 Thread 0x0000000002e28000 Implicit null exception at 0x0000000003406948 to 0x000000000340715e
Event: 11.263 Thread 0x0000000002e28000 Exception <a 'java/lang/NullPointerException'> (0x00000007920f5f38) thrown at [C:\re\workspace\8-2-build-windows-amd64-cygwin\jdk8u231\13620\hotspot\src\share\vm\runtime\sharedRuntime.cpp, line 605]
Event: 11.264 Thread 0x0000000002e28000 Implicit null exception at 0x0000000003406948 to 0x000000000340715e
Event: 11.264 Thread 0x0000000002e28000 Exception <a 'java/lang/NullPointerException'> (0x00000007920fba30) thrown at [C:\re\workspace\8-2-build-windows-amd64-cygwin\jdk8u231\13620\hotspot\src\share\vm\runtime\sharedRuntime.cpp, line 605]
Event: 11.264 Thread 0x0000000020932000 Exception <a 'java/net/SocketException': Socket closed> (0x00000007922e0998) thrown at [C:\re\workspace\8-2-build-windows-amd64-cygwin\jdk8u231\13620\hotspot\src\share\vm\prims\jni.cpp, line 736]

Events (10 events):
Event: 11.269 Thread 0x0000000024355800 DEOPT UNPACKING pc=0x000000000311583b sp=0x00000000211cec40 mode 2
Event: 11.269 Thread 0x0000000024355800 Uncommon trap: trap_request=0xffffffc6 fr.pc=0x0000000003ce3668
Event: 11.269 Thread 0x0000000024355800 DEOPT PACKING pc=0x0000000003ce3668 sp=0x00000000211cecb0
Event: 11.269 Thread 0x0000000024355800 DEOPT UNPACKING pc=0x000000000311583b sp=0x00000000211ceca0 mode 2
Event: 11.269 Thread 0x0000000024355800 Uncommon trap: trap_request=0xffffffde fr.pc=0x000000000375ae64
Event: 11.269 Thread 0x0000000024355800 DEOPT PACKING pc=0x000000000375ae64 sp=0x00000000211cecb0
Event: 11.269 Thread 0x0000000024355800 DEOPT UNPACKING pc=0x000000000311583b sp=0x00000000211cecb8 mode 2
Event: 11.269 Thread 0x0000000024355800 Uncommon trap: trap_request=0xffffffde fr.pc=0x000000000375ae64
Event: 11.269 Thread 0x0000000024355800 DEOPT PACKING pc=0x000000000375ae64 sp=0x00000000211cecb0
Event: 11.269 Thread 0x0000000024355800 DEOPT UNPACKING pc=0x000000000311583b sp=0x00000000211cecb8 mode 2


Dynamic libraries:
0x00007ff6a31e0000 - 0x00007ff6a3217000 	C:\Program Files\Java\jre1.8.0_231\bin\javaw.exe
0x0000000000d20000 - 0x0000000000f10000 	C:\WINDOWS\SYSTEM32\ntd1l.dll
0x0000000000f20000 - 0x0000000000fd2000 	C:\WINDOWS\System32\kern3l32.dll
0x00007ffdf93c0000 - 0x00007ffdf95b0000 	C:\WINDOWS\SYSTEM32\ntdll.dll
0x00007ffdf8090000 - 0x00007ffdf8142000 	C:\WINDOWS\System32\KERNEL32.DLL
0x00007ffdf71c0000 - 0x00007ffdf7464000 	C:\WINDOWS\System32\KERNELBASE.dll
0x00007ffdf5f30000 - 0x00007ffdf60c7000 	C:\Program Files\SentinelOne\Sentinel Agent 4.1.4.82\InProcessClient64.dll
0x00007ffdf7470000 - 0x00007ffdf7513000 	C:\WINDOWS\System32\ADVAPI32.dll
0x00007ffdf7ff0000 - 0x00007ffdf808e000 	C:\WINDOWS\System32\msvcrt.dll
0x00007ffdf8280000 - 0x00007ffdf8317000 	C:\WINDOWS\System32\sechost.dll
0x00007ffdf8540000 - 0x00007ffdf8660000 	C:\WINDOWS\System32\RPCRT4.dll
0x00007ffdf7e50000 - 0x00007ffdf7fe4000 	C:\WINDOWS\System32\USER32.dll
0x00007ffdf6520000 - 0x00007ffdf6541000 	C:\WINDOWS\System32\win32u.dll
0x00007ffdf7590000 - 0x00007ffdf75b6000 	C:\WINDOWS\System32\GDI32.dll
0x00007ffdf6550000 - 0x00007ffdf66e5000 	C:\WINDOWS\System32\gdi32full.dll
0x00007ffdf70d0000 - 0x00007ffdf716e000 	C:\WINDOWS\System32\msvcp_win.dll
0x00007ffdf6850000 - 0x00007ffdf694a000 	C:\WINDOWS\System32\ucrtbase.dll
0x00007ffde2820000 - 0x00007ffde2aa4000 	C:\WINDOWS\WinSxS\amd64_microsoft.windows.common-controls_6595b64144ccf1df_6.0.18362.900_none_e6beb9d913147d17\COMCTL32.dll
0x00007ffdf7b10000 - 0x00007ffdf7e45000 	C:\WINDOWS\System32\combase.dll
0x00007ffdf6350000 - 0x00007ffdf63d0000 	C:\WINDOWS\System32\bcryptPrimitives.dll
0x00007ffdf7990000 - 0x00007ffdf79be000 	C:\WINDOWS\System32\IMM32.DLL
0x00007ffdf5f20000 - 0x00007ffdf5f2a000 	C:\WINDOWS\SYSTEM32\VERSION.dll
0x00000000568f0000 - 0x00000000569c2000 	C:\Program Files\Java\jre1.8.0_231\bin\msvcr100.dll
0x0000000055df0000 - 0x0000000056696000 	C:\Program Files\Java\jre1.8.0_231\bin\server\jvm.dll
0x00007ffdf78d0000 - 0x00007ffdf78d8000 	C:\WINDOWS\System32\PSAPI.DLL
0x00007ffde58d0000 - 0x00007ffde58d9000 	C:\WINDOWS\SYSTEM32\WSOCK32.dll
0x00007ffdf8320000 - 0x00007ffdf838f000 	C:\WINDOWS\System32\WS2_32.dll
0x00007ffdf28a0000 - 0x00007ffdf28c4000 	C:\WINDOWS\SYSTEM32\WINMM.dll
0x00007ffdf2860000 - 0x00007ffdf288d000 	C:\WINDOWS\SYSTEM32\WINMMBASE.dll
0x00007ffdf7170000 - 0x00007ffdf71ba000 	C:\WINDOWS\System32\cfgmgr32.dll
0x00007ffdf0ff0000 - 0x00007ffdf0fff000 	C:\Program Files\Java\jre1.8.0_231\bin\verify.dll
0x00007ffdeb4e0000 - 0x00007ffdeb509000 	C:\Program Files\Java\jre1.8.0_231\bin\java.dll
0x00007ffde5aa0000 - 0x00007ffde5ac3000 	C:\Program Files\Java\jre1.8.0_231\bin\instrument.dll
0x00007ffdeb170000 - 0x00007ffdeb186000 	C:\Program Files\Java\jre1.8.0_231\bin\zip.dll
0x00007ffdf8c30000 - 0x00007ffdf9316000 	C:\WINDOWS\System32\SHELL32.dll
0x00007ffdf78e0000 - 0x00007ffdf7989000 	C:\WINDOWS\System32\shcore.dll
0x00007ffdf6950000 - 0x00007ffdf70d0000 	C:\WINDOWS\System32\windows.storage.dll
0x00007ffdf6320000 - 0x00007ffdf6343000 	C:\WINDOWS\System32\profapi.dll
0x00007ffdf62d0000 - 0x00007ffdf631a000 	C:\WINDOWS\System32\powrprof.dll
0x00007ffdf6280000 - 0x00007ffdf6290000 	C:\WINDOWS\System32\UMPDC.dll
0x00007ffdf8220000 - 0x00007ffdf8272000 	C:\WINDOWS\System32\shlwapi.dll
0x00007ffdf62b0000 - 0x00007ffdf62c1000 	C:\WINDOWS\System32\kernel.appcore.dll
0x00007ffdf6830000 - 0x00007ffdf6847000 	C:\WINDOWS\System32\cryptsp.dll
0x00007ffdea350000 - 0x00007ffdea36a000 	C:\Program Files\Java\jre1.8.0_231\bin\net.dll
0x00007ffdf58e0000 - 0x00007ffdf5947000 	C:\WINDOWS\system32\mswsock.dll
0x00007ffdeb430000 - 0x00007ffdeb446000 	C:\WINDOWS\system32\napinsp.dll
0x00007ffdeb460000 - 0x00007ffdeb47a000 	C:\WINDOWS\system32\pnrpnsp.dll
0x00007ffdf5630000 - 0x00007ffdf56fb000 	C:\WINDOWS\SYSTEM32\DNSAPI.dll
0x00007ffdf75c0000 - 0x00007ffdf75c8000 	C:\WINDOWS\System32\NSI.dll
0x00007ffdf55f0000 - 0x00007ffdf562a000 	C:\WINDOWS\SYSTEM32\IPHLPAPI.DLL
0x00007ffdeb450000 - 0x00007ffdeb45e000 	C:\WINDOWS\System32\winrnr.dll
0x00007ffdf2590000 - 0x00007ffdf25ac000 	C:\WINDOWS\system32\NLAapi.dll
0x00007ffdeb480000 - 0x00007ffdeb495000 	C:\WINDOWS\system32\wshbth.dll
0x00007ffded8c0000 - 0x00007ffded8ca000 	C:\Windows\System32\rasadhlp.dll
0x00007ffdf1e40000 - 0x00007ffdf1eb7000 	C:\WINDOWS\System32\fwpuclnt.dll
0x00007ffdf66f0000 - 0x00007ffdf6716000 	C:\WINDOWS\System32\bcrypt.dll
0x00007ffde9fb0000 - 0x00007ffde9fc2000 	C:\Program Files\Java\jre1.8.0_231\bin\nio.dll
0x00007ffde4e10000 - 0x00007ffde4e1d000 	C:\Program Files\Java\jre1.8.0_231\bin\management.dll
0x00007ffdf5450000 - 0x00007ffdf5483000 	C:\WINDOWS\system32\rsaenh.dll
0x00007ffdf61a0000 - 0x00007ffdf61c5000 	C:\WINDOWS\SYSTEM32\USERENV.dll
0x00007ffdf5ab0000 - 0x00007ffdf5abc000 	C:\WINDOWS\SYSTEM32\CRYPTBASE.dll
0x00007ffdf21a0000 - 0x00007ffdf21b6000 	C:\WINDOWS\SYSTEM32\dhcpcsvc6.DLL
0x00007ffdf2130000 - 0x00007ffdf214c000 	C:\WINDOWS\SYSTEM32\dhcpcsvc.DLL
0x00007ffdd7f50000 - 0x00007ffdd7f74000 	C:\Program Files\Java\jre1.8.0_231\bin\sunec.dll
0x00007ffde4b80000 - 0x00007ffde4b8b000 	C:\Program Files\Java\jre1.8.0_231\bin\sunmscapi.dll
0x00007ffdf63d0000 - 0x00007ffdf6519000 	C:\WINDOWS\System32\CRYPT32.dll
0x00007ffdf6290000 - 0x00007ffdf62a2000 	C:\WINDOWS\System32\MSASN1.dll

VM Arguments:
jvm_args: -javaagent:C:\Users\Karthik_Patlolla\eclipse\jee-2020-03\eclipse\configuration\org.eclipse.osgi\940\0\.cp\jacocoagent.jar=includes=*,excludes=,exclclassloader=sun.reflect.DelegatingClassLoader,output=tcpclient,port=62885 -ea -Dfile.encoding=UTF-8 
java_command: org.eclipse.jdt.internal.junit.runner.RemoteTestRunner -version 3 -port 62886 -testLoaderClass org.eclipse.jdt.internal.junit5.runner.JUnit5TestLoader -loaderpluginname org.eclipse.jdt.junit5.runtime -classNames com.epam.controllers.LoginTest
java_class_path (initial): C:\Users\Karthik_Patlolla\eclipse-workspace\JobPortalRest\target\test-classes;C:\Users\Karthik_Patlolla\eclipse-workspace\JobPortalRest\target\classes;C:\Users\Karthik_Patlolla\.m2\repository\org\springframework\security\spring-security-core\5.3.3.RELEASE\spring-security-core-5.3.3.RELEASE.jar;C:\Users\Karthik_Patlolla\.p2\pool\plugins\org.junit_4.13.0.v20200204-1500.jar;C:\Users\Karthik_Patlolla\.p2\pool\plugins\org.hamcrest.core_1.3.0.v20180420-1519.jar;C:\Users\Karthik_Patlolla\.m2\repository\org\springframework\boot\spring-boot-starter-web\2.3.1.RELEASE\spring-boot-starter-web-2.3.1.RELEASE.jar;C:\Users\Karthik_Patlolla\.m2\repository\org\springframework\boot\spring-boot-starter\2.3.1.RELEASE\spring-boot-starter-2.3.1.RELEASE.jar;C:\Users\Karthik_Patlolla\.m2\repository\org\springframework\boot\spring-boot\2.3.1.RELEASE\spring-boot-2.3.1.RELEASE.jar;C:\Users\Karthik_Patlolla\.m2\repository\org\springframework\boot\spring-boot-autoconfigure\2.3.1.RELEASE\spring-boot-autoconfigure-2.3.1.RELEASE.jar;C:\Users\Karthik_Patlolla\.m2\repository\org\springframework\boot\spring-boot-starter-logging\2.3.1.RELEASE\spring-boot-starter-logging-2.3.1.RELEASE.jar;C:\Users\Karthik_Patlolla\.m2\repository\ch\qos\logback\logback-classic\1.2.3\logback-classic-1.2.3.jar;C:\Users\Karthik_Patlolla\.m2\repository\ch\qos\logback\logback-core\1.2.3\logback-core-1.2.3.jar;C:\Users\Karthik_Patlolla\.m2\repository\org\apache\logging\log4j\log4j-to-slf4j\2.13.3\log4j-to-slf4j-2.13.3.jar;C:\Users\Karthik_Patlolla\.m2\repository\org\apache\logging\log4j\log4j-api\2.13.3\log4j-api-2.13.3.jar;C:\Users\Karthik_Patlolla\.m2\repository\org\slf4j\jul-to-slf4j\1.7.30\jul-to-slf4j-1.7.30.jar;C:\Users\Karthik_Patlolla\.m2\repository\jakarta\annotation\jakarta.annotation-api\1.3.5\jakarta.annotation-api-1.3.5.jar;C:\Users\Karthik_Patlolla\.m2\repository\org\yaml\snakeyaml\1.26\snakeyaml-1.26.jar;C:\Users\Karthik_Patlolla\.m2\repository\org\springframework\boot\spring-boot-st
Launcher Type: SUN_STANDARD

Environment Variables:
JAVA_HOME=C:\Program Files\Java\jdk1.8.0_231
PATH=C:/Program Files/Java/jre1.8.0_231/bin/server;C:/Program Files/Java/jre1.8.0_231/bin;C:/Program Files/Java/jre1.8.0_231/lib/amd64;C:\Program Files\Microsoft MPI\Bin\;C:\Program Files (x86)\Common Files\Oracle\Java\javapath;C:\WINDOWS\system32;C:\WINDOWS;C:\WINDOWS\System32\Wbem;C:\WINDOWS\System32\WindowsPowerShell\v1.0\;C:\WINDOWS\System32\OpenSSH\;C:\Users\dnjd\AppData\Local\Microsoft\WindowsApps;D:\apache-maven-3.6.1\bin;C:\Program Files\Git\cmd;C:\Program Files\Java\jdk-11.0.5\bin;C:\Program Files\Microsoft SQL Server\Client SDK\ODBC\130\Tools\Binn\;C:\Program Files (x86)\Microsoft SQL Server\140\Tools\Binn\;C:\Program Files\Microsoft SQL Server\140\Tools\Binn\;C:\Program Files\Microsoft SQL Server\140\DTS\Binn\;C:\Program Files (x86)\Microsoft SQL Server\140\DTS\Binn\;C:\Program Files (x86)\Microsoft SQL Server\150\DTS\Binn\;C:\Program Files\dotnet\;C:\Program Files\Microsoft SQL Server\130\Tools\Binn\;C:\Program Files\Microsoft SQL Server\Client SDK\ODBC\170\Tools\Binn\;C:\Users\Karthik_Patlolla\AppData\Local\Microsoft\WindowsApps;C:\Users\Karthik_Patlolla\AppData\Local\Programs\Microsoft VS Code\bin;C:\Users\Karthik_Patlolla\AppData\Local\GitHubDesktop\bin;C:\WINDOWS\system32;
USERNAME=Karthik_Patlolla
OS=Windows_NT
PROCESSOR_IDENTIFIER=Intel64 Family 6 Model 60 Stepping 3, GenuineIntel



---------------  S Y S T E M  ---------------

OS: Windows 10.0 , 64 bit Build 18362 (10.0.18362.900)

CPU:total 8 (initial active 8) (4 cores per cpu, 2 threads per core) family 6 model 60 stepping 3, cmov, cx8, fxsr, mmx, sse, sse2, sse3, ssse3, sse4.1, sse4.2, popcnt, avx, avx2, aes, clmul, erms, lzcnt, ht, tsc, tscinvbit, bmi1, bmi2

Memory: 4k page, physical 16683188k(3435096k free), swap 16683188k(5172k free)

vm_info: Java HotSpot(TM) 64-Bit Server VM (25.231-b11) for windows-amd64 JRE (1.8.0_231-b11), built on Oct  5 2019 03:11:30 by "java_re" with MS VC++ 10.0 (VS2010)

time: Thu Jul 23 12:44:00 2020
timezone: India Standard Time
elapsed time: 12 seconds (0d 0h 0m 12s)

